{"total": {"lines":{"total":23221,"covered":3438,"skipped":0,"pct":14.8},"statements":{"total":23221,"covered":3438,"skipped":0,"pct":14.8},"functions":{"total":426,"covered":140,"skipped":0,"pct":32.86},"branches":{"total":768,"covered":475,"skipped":0,"pct":61.84},"branchesTrue":{"total":0,"covered":0,"skipped":0,"pct":100}}
,"/mnt/c/Users/gajap/sandbox/nebula/nebula-insurance-crm/experience/src/App.test.tsx": {"lines":{"total":28,"covered":0,"skipped":0,"pct":0},"functions":{"total":1,"covered":0,"skipped":0,"pct":0},"statements":{"total":28,"covered":0,"skipped":0,"pct":0},"branches":{"total":1,"covered":0,"skipped":0,"pct":0}}
,"/mnt/c/Users/gajap/sandbox/nebula/nebula-insurance-crm/experience/src/App.tsx": {"lines":{"total":79,"covered":0,"skipped":0,"pct":0},"functions":{"total":1,"covered":0,"skipped":0,"pct":0},"statements":{"total":79,"covered":0,"skipped":0,"pct":0},"branches":{"total":1,"covered":0,"skipped":0,"pct":0}}
,"/mnt/c/Users/gajap/sandbox/nebula/nebula-insurance-crm/experience/src/components/layout/DashboardLayout.tsx": {"lines":{"total":70,"covered":0,"skipped":0,"pct":0},"functions":{"total":1,"covered":0,"skipped":0,"pct":0},"statements":{"total":70,"covered":0,"skipped":0,"pct":0},"branches":{"total":1,"covered":0,"skipped":0,"pct":0}}
,"/mnt/c/Users/gajap/sandbox/nebula/nebula-insurance-crm/experience/src/components/layout/RightChatPanel.tsx": {"lines":{"total":18,"covered":0,"skipped":0,"pct":0},"functions":{"total":1,"covered":0,"skipped":0,"pct":0},"statements":{"total":18,"covered":0,"skipped":0,"pct":0},"branches":{"total":1,"covered":0,"skipped":0,"pct":0}}
,"/mnt/c/Users/gajap/sandbox/nebula/nebula-insurance-crm/experience/src/components/layout/Sidebar.tsx": {"lines":{"total":138,"covered":0,"skipped":0,"pct":0},"functions":{"total":1,"covered":0,"skipped":0,"pct":0},"statements":{"total":138,"covered":0,"skipped":0,"pct":0},"branches":{"total":1,"covered":0,"skipped":0,"pct":0}}
,"/mnt/c/Users/gajap/sandbox/nebula/nebula-insurance-crm/experience/src/components/layout/TopBar.tsx": {"lines":{"total":55,"covered":0,"skipped":0,"pct":0},"functions":{"total":1,"covered":0,"skipped":0,"pct":0},"statements":{"total":55,"covered":0,"skipped":0,"pct":0},"branches":{"total":1,"covered":0,"skipped":0,"pct":0}}
,"/mnt/c/Users/gajap/sandbox/nebula/nebula-insurance-crm/experience/src/components/ui/Badge.tsx": {"lines":{"total":20,"covered":0,"skipped":0,"pct":0},"functions":{"total":1,"covered":0,"skipped":0,"pct":0},"statements":{"total":20,"covered":0,"skipped":0,"pct":0},"branches":{"total":1,"covered":0,"skipped":0,"pct":0}}
,"/mnt/c/Users/gajap/sandbox/nebula/nebula-insurance-crm/experience/src/components/ui/Card.tsx": {"lines":{"total":19,"covered":0,"skipped":0,"pct":0},"functions":{"total":1,"covered":0,"skipped":0,"pct":0},"statements":{"total":19,"covered":0,"skipped":0,"pct":0},"branches":{"total":1,"covered":0,"skipped":0,"pct":0}}
,"/mnt/c/Users/gajap/sandbox/nebula/nebula-insurance-crm/experience/src/components/ui/ErrorFallback.tsx": {"lines":{"total":13,"covered":0,"skipped":0,"pct":0},"functions":{"total":1,"covered":0,"skipped":0,"pct":0},"statements":{"total":13,"covered":0,"skipped":0,"pct":0},"branches":{"total":1,"covered":0,"skipped":0,"pct":0}}
,"/mnt/c/Users/gajap/sandbox/nebula/nebula-insurance-crm/experience/src/components/ui/Modal.tsx": {"lines":{"total":111,"covered":0,"skipped":0,"pct":0},"functions":{"total":1,"covered":0,"skipped":0,"pct":0},"statements":{"total":111,"covered":0,"skipped":0,"pct":0},"branches":{"total":1,"covered":0,"skipped":0,"pct":0}}
,"/mnt/c/Users/gajap/sandbox/nebula/nebula-insurance-crm/experience/src/components/ui/Popover.tsx": {"lines":{"total":223,"covered":0,"skipped":0,"pct":0},"functions":{"total":1,"covered":0,"skipped":0,"pct":0},"statements":{"total":223,"covered":0,"skipped":0,"pct":0},"branches":{"total":1,"covered":0,"skipped":0,"pct":0}}
,"/mnt/c/Users/gajap/sandbox/nebula/nebula-insurance-crm/experience/src/components/ui/Select.tsx": {"lines":{"total":33,"covered":0,"skipped":0,"pct":0},"functions":{"total":1,"covered":0,"skipped":0,"pct":0},"statements":{"total":33,"covered":0,"skipped":0,"pct":0},"branches":{"total":1,"covered":0,"skipped":0,"pct":0}}
,"/mnt/c/Users/gajap/sandbox/nebula/nebula-insurance-crm/experience/src/components/ui/Skeleton.tsx": {"lines":{"total":7,"covered":0,"skipped":0,"pct":0},"functions":{"total":1,"covered":0,"skipped":0,"pct":0},"statements":{"total":7,"covered":0,"skipped":0,"pct":0},"branches":{"total":1,"covered":0,"skipped":0,"pct":0}}
,"/mnt/c/Users/gajap/sandbox/nebula/nebula-insurance-crm/experience/src/components/ui/Tabs.tsx": {"lines":{"total":60,"covered":0,"skipped":0,"pct":0},"functions":{"total":1,"covered":0,"skipped":0,"pct":0},"statements":{"total":60,"covered":0,"skipped":0,"pct":0},"branches":{"total":1,"covered":0,"skipped":0,"pct":0}}
,"/mnt/c/Users/gajap/sandbox/nebula/nebula-insurance-crm/experience/src/components/ui/TextInput.tsx": {"lines":{"total":24,"covered":0,"skipped":0,"pct":0},"functions":{"total":1,"covered":0,"skipped":0,"pct":0},"statements":{"total":24,"covered":0,"skipped":0,"pct":0},"branches":{"total":1,"covered":0,"skipped":0,"pct":0}}
,"/mnt/c/Users/gajap/sandbox/nebula/nebula-insurance-crm/experience/src/components/ui/tests/Modal.test.tsx": {"lines":{"total":51,"covered":0,"skipped":0,"pct":0},"functions":{"total":1,"covered":0,"skipped":0,"pct":0},"statements":{"total":51,"covered":0,"skipped":0,"pct":0},"branches":{"total":1,"covered":0,"skipped":0,"pct":0}}
,"/mnt/c/Users/gajap/sandbox/nebula/nebula-insurance-crm/experience/src/components/ui/tests/Popover.test.tsx": {"lines":{"total":83,"covered":0,"skipped":0,"pct":0},"functions":{"total":1,"covered":0,"skipped":0,"pct":0},"statements":{"total":83,"covered":0,"skipped":0,"pct":0},"branches":{"total":1,"covered":0,"skipped":0,"pct":0}}
,"/mnt/c/Users/gajap/sandbox/nebula/nebula-insurance-crm/experience/src/components/ui/tests/Tabs.test.tsx": {"lines":{"total":36,"covered":0,"skipped":0,"pct":0},"functions":{"total":1,"covered":0,"skipped":0,"pct":0},"statements":{"total":36,"covered":0,"skipped":0,"pct":0},"branches":{"total":1,"covered":0,"skipped":0,"pct":0}}
,"/mnt/c/Users/gajap/sandbox/nebula/nebula-insurance-crm/experience/src/contracts/timeline.ts": {"lines":{"total":0,"covered":0,"skipped":0,"pct":100},"functions":{"total":1,"covered":1,"skipped":0,"pct":100},"statements":{"total":0,"covered":0,"skipped":0,"pct":100},"branches":{"total":1,"covered":1,"skipped":0,"pct":100}}
,"/mnt/c/Users/gajap/sandbox/nebula/nebula-insurance-crm/experience/src/features/accounts/hooks.ts": {"lines":{"total":190,"covered":0,"skipped":0,"pct":0},"functions":{"total":1,"covered":0,"skipped":0,"pct":0},"statements":{"total":190,"covered":0,"skipped":0,"pct":0},"branches":{"total":1,"covered":0,"skipped":0,"pct":0}}
,"/mnt/c/Users/gajap/sandbox/nebula/nebula-insurance-crm/experience/src/features/accounts/index.ts": {"lines":{"total":3,"covered":0,"skipped":0,"pct":0},"functions":{"total":1,"covered":0,"skipped":0,"pct":0},"statements":{"total":3,"covered":0,"skipped":0,"pct":0},"branches":{"total":1,"covered":0,"skipped":0,"pct":0}}
,"/mnt/c/Users/gajap/sandbox/nebula/nebula-insurance-crm/experience/src/features/accounts/types.ts": {"lines":{"total":0,"covered":0,"skipped":0,"pct":100},"functions":{"total":1,"covered":1,"skipped":0,"pct":100},"statements":{"total":0,"covered":0,"skipped":0,"pct":100},"branches":{"total":1,"covered":1,"skipped":0,"pct":100}}
,"/mnt/c/Users/gajap/sandbox/nebula/nebula-insurance-crm/experience/src/features/accounts/components/AccountReference.tsx": {"lines":{"total":48,"covered":0,"skipped":0,"pct":0},"functions":{"total":1,"covered":0,"skipped":0,"pct":0},"statements":{"total":48,"covered":0,"skipped":0,"pct":0},"branches":{"total":1,"covered":0,"skipped":0,"pct":0}}
,"/mnt/c/Users/gajap/sandbox/nebula/nebula-insurance-crm/experience/src/features/auth/ProtectedRoute.tsx": {"lines":{"total":31,"covered":0,"skipped":0,"pct":0},"functions":{"total":1,"covered":0,"skipped":0,"pct":0},"statements":{"total":31,"covered":0,"skipped":0,"pct":0},"branches":{"total":1,"covered":0,"skipped":0,"pct":0}}
,"/mnt/c/Users/gajap/sandbox/nebula/nebula-insurance-crm/experience/src/features/auth/authEvents.ts": {"lines":{"total":10,"covered":10,"skipped":0,"pct":100},"functions":{"total":2,"covered":2,"skipped":0,"pct":100},"statements":{"total":10,"covered":10,"skipped":0,"pct":100},"branches":{"total":4,"covered":4,"skipped":0,"pct":100}}
,"/mnt/c/Users/gajap/sandbox/nebula/nebula-insurance-crm/experience/src/features/auth/index.ts": {"lines":{"total":1,"covered":0,"skipped":0,"pct":0},"functions":{"total":1,"covered":0,"skipped":0,"pct":0},"statements":{"total":1,"covered":0,"skipped":0,"pct":0},"branches":{"total":1,"covered":0,"skipped":0,"pct":0}}
,"/mnt/c/Users/gajap/sandbox/nebula/nebula-insurance-crm/experience/src/features/auth/oidcUserManager.ts": {"lines":{"total":18,"covered":0,"skipped":0,"pct":0},"functions":{"total":1,"covered":0,"skipped":0,"pct":0},"statements":{"total":18,"covered":0,"skipped":0,"pct":0},"branches":{"total":1,"covered":0,"skipped":0,"pct":0}}
,"/mnt/c/Users/gajap/sandbox/nebula/nebula-insurance-crm/experience/src/features/auth/useAuthEventHandler.ts": {"lines":{"total":32,"covered":14,"skipped":0,"pct":43.75},"functions":{"total":1,"covered":1,"skipped":0,"pct":100},"statements":{"total":32,"covered":14,"skipped":0,"pct":43.75},"branches":{"total":4,"covered":3,"skipped":0,"pct":75}}
,"/mnt/c/Users/gajap/sandbox/nebula/nebula-insurance-crm/experience/src/features/auth/useCurrentUser.ts": {"lines":{"total":49,"covered":0,"skipped":0,"pct":0},"functions":{"total":1,"covered":0,"skipped":0,"pct":0},"statements":{"total":49,"covered":0,"skipped":0,"pct":0},"branches":{"total":1,"covered":0,"skipped":0,"pct":0}}
,"/mnt/c/Users/gajap/sandbox/nebula/nebula-insurance-crm/experience/src/features/auth/useSessionTeardown.ts": {"lines":{"total":44,"covered":44,"skipped":0,"pct":100},"functions":{"total":3,"covered":3,"skipped":0,"pct":100},"statements":{"total":44,"covered":44,"skipped":0,"pct":100},"branches":{"total":14,"covered":14,"skipped":0,"pct":100}}
,"/mnt/c/Users/gajap/sandbox/nebula/nebula-insurance-crm/experience/src/features/auth/tests/LoginPage.a11y.test.tsx": {"lines":{"total":13,"covered":0,"skipped":0,"pct":0},"functions":{"total":1,"covered":0,"skipped":0,"pct":0},"statements":{"total":13,"covered":0,"skipped":0,"pct":0},"branches":{"total":1,"covered":0,"skipped":0,"pct":0}}
,"/mnt/c/Users/gajap/sandbox/nebula/nebula-insurance-crm/experience/src/features/auth/tests/LoginPage.test.tsx": {"lines":{"total":101,"covered":101,"skipped":0,"pct":100},"functions":{"total":3,"covered":3,"skipped":0,"pct":100},"statements":{"total":101,"covered":101,"skipped":0,"pct":100},"branches":{"total":18,"covered":18,"skipped":0,"pct":100}}
,"/mnt/c/Users/gajap/sandbox/nebula/nebula-insurance-crm/experience/src/features/auth/tests/ProtectedRoute.test.tsx": {"lines":{"total":65,"covered":0,"skipped":0,"pct":0},"functions":{"total":1,"covered":0,"skipped":0,"pct":0},"statements":{"total":65,"covered":0,"skipped":0,"pct":0},"branches":{"total":1,"covered":0,"skipped":0,"pct":0}}
,"/mnt/c/Users/gajap/sandbox/nebula/nebula-insurance-crm/experience/src/features/auth/tests/authModeGuard.test.ts": {"lines":{"total":69,"covered":0,"skipped":0,"pct":0},"functions":{"total":1,"covered":0,"skipped":0,"pct":0},"statements":{"total":69,"covered":0,"skipped":0,"pct":0},"branches":{"total":1,"covered":0,"skipped":0,"pct":0}}
,"/mnt/c/Users/gajap/sandbox/nebula/nebula-insurance-crm/experience/src/features/auth/tests/useCurrentUser.test.tsx": {"lines":{"total":65,"covered":0,"skipped":0,"pct":0},"functions":{"total":1,"covered":0,"skipped":0,"pct":0},"statements":{"total":65,"covered":0,"skipped":0,"pct":0},"branches":{"total":1,"covered":0,"skipped":0,"pct":0}}
,"/mnt/c/Users/gajap/sandbox/nebula/nebula-insurance-crm/experience/src/features/auth/tests/useSessionTeardown.test.tsx": {"lines":{"total":182,"covered":182,"skipped":0,"pct":100},"functions":{"total":12,"covered":12,"skipped":0,"pct":100},"statements":{"total":182,"covered":182,"skipped":0,"pct":100},"branches":{"total":49,"covered":49,"skipped":0,"pct":100}}
,"/mnt/c/Users/gajap/sandbox/nebula/nebula-insurance-crm/experience/src/features/brokers/index.ts": {"lines":{"total":16,"covered":0,"skipped":0,"pct":0},"functions":{"total":1,"covered":0,"skipped":0,"pct":0},"statements":{"total":16,"covered":0,"skipped":0,"pct":0},"branches":{"total":1,"covered":0,"skipped":0,"pct":0}}
,"/mnt/c/Users/gajap/sandbox/nebula/nebula-insurance-crm/experience/src/features/brokers/types.ts": {"lines":{"total":0,"covered":0,"skipped":0,"pct":100},"functions":{"total":1,"covered":1,"skipped":0,"pct":100},"statements":{"total":0,"covered":0,"skipped":0,"pct":100},"branches":{"total":1,"covered":1,"skipped":0,"pct":100}}
,"/mnt/c/Users/gajap/sandbox/nebula/nebula-insurance-crm/experience/src/features/brokers/components/BrokerContactsTab.tsx": {"lines":{"total":99,"covered":0,"skipped":0,"pct":0},"functions":{"total":1,"covered":0,"skipped":0,"pct":0},"statements":{"total":99,"covered":0,"skipped":0,"pct":0},"branches":{"total":1,"covered":0,"skipped":0,"pct":0}}
,"/mnt/c/Users/gajap/sandbox/nebula/nebula-insurance-crm/experience/src/features/brokers/components/BrokerProfileHeader.tsx": {"lines":{"total":62,"covered":0,"skipped":0,"pct":0},"functions":{"total":1,"covered":0,"skipped":0,"pct":0},"statements":{"total":62,"covered":0,"skipped":0,"pct":0},"branches":{"total":1,"covered":0,"skipped":0,"pct":0}}
,"/mnt/c/Users/gajap/sandbox/nebula/nebula-insurance-crm/experience/src/features/brokers/components/BrokerProfileTab.tsx": {"lines":{"total":38,"covered":0,"skipped":0,"pct":0},"functions":{"total":1,"covered":0,"skipped":0,"pct":0},"statements":{"total":38,"covered":0,"skipped":0,"pct":0},"branches":{"total":1,"covered":0,"skipped":0,"pct":0}}
,"/mnt/c/Users/gajap/sandbox/nebula/nebula-insurance-crm/experience/src/features/brokers/components/BrokerStatusBadge.tsx": {"lines":{"total":9,"covered":0,"skipped":0,"pct":0},"functions":{"total":1,"covered":0,"skipped":0,"pct":0},"statements":{"total":9,"covered":0,"skipped":0,"pct":0},"branches":{"total":1,"covered":0,"skipped":0,"pct":0}}
,"/mnt/c/Users/gajap/sandbox/nebula/nebula-insurance-crm/experience/src/features/brokers/components/BrokerTimelineTab.tsx": {"lines":{"total":59,"covered":0,"skipped":0,"pct":0},"functions":{"total":1,"covered":0,"skipped":0,"pct":0},"statements":{"total":59,"covered":0,"skipped":0,"pct":0},"branches":{"total":1,"covered":0,"skipped":0,"pct":0}}
,"/mnt/c/Users/gajap/sandbox/nebula/nebula-insurance-crm/experience/src/features/brokers/components/ConfirmDialog.tsx": {"lines":{"total":36,"covered":0,"skipped":0,"pct":0},"functions":{"total":1,"covered":0,"skipped":0,"pct":0},"statements":{"total":36,"covered":0,"skipped":0,"pct":0},"branches":{"total":1,"covered":0,"skipped":0,"pct":0}}
,"/mnt/c/Users/gajap/sandbox/nebula/nebula-insurance-crm/experience/src/features/brokers/components/ContactFormModal.tsx": {"lines":{"total":125,"covered":0,"skipped":0,"pct":0},"functions":{"total":1,"covered":0,"skipped":0,"pct":0},"statements":{"total":125,"covered":0,"skipped":0,"pct":0},"branches":{"total":1,"covered":0,"skipped":0,"pct":0}}
,"/mnt/c/Users/gajap/sandbox/nebula/nebula-insurance-crm/experience/src/features/brokers/components/DeactivateAction.tsx": {"lines":{"total":45,"covered":0,"skipped":0,"pct":0},"functions":{"total":1,"covered":0,"skipped":0,"pct":0},"statements":{"total":45,"covered":0,"skipped":0,"pct":0},"branches":{"total":1,"covered":0,"skipped":0,"pct":0}}
,"/mnt/c/Users/gajap/sandbox/nebula/nebula-insurance-crm/experience/src/features/brokers/components/DeleteBrokerAction.tsx": {"lines":{"total":31,"covered":0,"skipped":0,"pct":0},"functions":{"total":1,"covered":0,"skipped":0,"pct":0},"statements":{"total":31,"covered":0,"skipped":0,"pct":0},"branches":{"total":1,"covered":0,"skipped":0,"pct":0}}
,"/mnt/c/Users/gajap/sandbox/nebula/nebula-insurance-crm/experience/src/features/brokers/components/DeleteContactAction.tsx": {"lines":{"total":31,"covered":0,"skipped":0,"pct":0},"functions":{"total":1,"covered":0,"skipped":0,"pct":0},"statements":{"total":31,"covered":0,"skipped":0,"pct":0},"branches":{"total":1,"covered":0,"skipped":0,"pct":0}}
,"/mnt/c/Users/gajap/sandbox/nebula/nebula-insurance-crm/experience/src/features/brokers/components/EditBrokerModal.tsx": {"lines":{"total":133,"covered":0,"skipped":0,"pct":0},"functions":{"total":1,"covered":0,"skipped":0,"pct":0},"statements":{"total":133,"covered":0,"skipped":0,"pct":0},"branches":{"total":1,"covered":0,"skipped":0,"pct":0}}
,"/mnt/c/Users/gajap/sandbox/nebula/nebula-insurance-crm/experience/src/features/brokers/components/ReactivateBrokerAction.tsx": {"lines":{"total":36,"covered":0,"skipped":0,"pct":0},"functions":{"total":1,"covered":0,"skipped":0,"pct":0},"statements":{"total":36,"covered":0,"skipped":0,"pct":0},"branches":{"total":1,"covered":0,"skipped":0,"pct":0}}
,"/mnt/c/Users/gajap/sandbox/nebula/nebula-insurance-crm/experience/src/features/brokers/hooks/useBroker.ts": {"lines":{"total":8,"covered":0,"skipped":0,"pct":0},"functions":{"total":1,"covered":0,"skipped":0,"pct":0},"statements":{"total":8,"covered":0,"skipped":0,"pct":0},"branches":{"total":1,"covered":0,"skipped":0,"pct":0}}
,"/mnt/c/Users/gajap/sandbox/nebula/nebula-insurance-crm/experience/src/features/brokers/hooks/useBrokerContacts.ts": {"lines":{"total":8,"covered":0,"skipped":0,"pct":0},"functions":{"total":1,"covered":0,"skipped":0,"pct":0},"statements":{"total":8,"covered":0,"skipped":0,"pct":0},"branches":{"total":1,"covered":0,"skipped":0,"pct":0}}
,"/mnt/c/Users/gajap/sandbox/nebula/nebula-insurance-crm/experience/src/features/brokers/hooks/useBrokerTimeline.ts": {"lines":{"total":11,"covered":0,"skipped":0,"pct":0},"functions":{"total":1,"covered":0,"skipped":0,"pct":0},"statements":{"total":11,"covered":0,"skipped":0,"pct":0},"branches":{"total":1,"covered":0,"skipped":0,"pct":0}}
,"/mnt/c/Users/gajap/sandbox/nebula/nebula-insurance-crm/experience/src/features/brokers/hooks/useBrokers.ts": {"lines":{"total":12,"covered":0,"skipped":0,"pct":0},"functions":{"total":1,"covered":0,"skipped":0,"pct":0},"statements":{"total":12,"covered":0,"skipped":0,"pct":0},"branches":{"total":1,"covered":0,"skipped":0,"pct":0}}
,"/mnt/c/Users/gajap/sandbox/nebula/nebula-insurance-crm/experience/src/features/brokers/hooks/useCreateBroker.ts": {"lines":{"total":11,"covered":0,"skipped":0,"pct":0},"functions":{"total":1,"covered":0,"skipped":0,"pct":0},"statements":{"total":11,"covered":0,"skipped":0,"pct":0},"branches":{"total":1,"covered":0,"skipped":0,"pct":0}}
,"/mnt/c/Users/gajap/sandbox/nebula/nebula-insurance-crm/experience/src/features/brokers/hooks/useCreateContact.ts": {"lines":{"total":11,"covered":0,"skipped":0,"pct":0},"functions":{"total":1,"covered":0,"skipped":0,"pct":0},"statements":{"total":11,"covered":0,"skipped":0,"pct":0},"branches":{"total":1,"covered":0,"skipped":0,"pct":0}}
,"/mnt/c/Users/gajap/sandbox/nebula/nebula-insurance-crm/experience/src/features/brokers/hooks/useDeleteBroker.ts": {"lines":{"total":10,"covered":0,"skipped":0,"pct":0},"functions":{"total":1,"covered":0,"skipped":0,"pct":0},"statements":{"total":10,"covered":0,"skipped":0,"pct":0},"branches":{"total":1,"covered":0,"skipped":0,"pct":0}}
,"/mnt/c/Users/gajap/sandbox/nebula/nebula-insurance-crm/experience/src/features/brokers/hooks/useDeleteContact.ts": {"lines":{"total":10,"covered":0,"skipped":0,"pct":0},"functions":{"total":1,"covered":0,"skipped":0,"pct":0},"statements":{"total":10,"covered":0,"skipped":0,"pct":0},"branches":{"total":1,"covered":0,"skipped":0,"pct":0}}
,"/mnt/c/Users/gajap/sandbox/nebula/nebula-insurance-crm/experience/src/features/brokers/hooks/useReactivateBroker.ts": {"lines":{"total":12,"covered":0,"skipped":0,"pct":0},"functions":{"total":1,"covered":0,"skipped":0,"pct":0},"statements":{"total":12,"covered":0,"skipped":0,"pct":0},"branches":{"total":1,"covered":0,"skipped":0,"pct":0}}
,"/mnt/c/Users/gajap/sandbox/nebula/nebula-insurance-crm/experience/src/features/brokers/hooks/useUpdateBroker.ts": {"lines":{"total":14,"covered":0,"skipped":0,"pct":0},"functions":{"total":1,"covered":0,"skipped":0,"pct":0},"statements":{"total":14,"covered":0,"skipped":0,"pct":0},"branches":{"total":1,"covered":0,"skipped":0,"pct":0}}
,"/mnt/c/Users/gajap/sandbox/nebula/nebula-insurance-crm/experience/src/features/brokers/hooks/useUpdateContact.ts": {"lines":{"total":13,"covered":0,"skipped":0,"pct":0},"functions":{"total":1,"covered":0,"skipped":0,"pct":0},"statements":{"total":13,"covered":0,"skipped":0,"pct":0},"branches":{"total":1,"covered":0,"skipped":0,"pct":0}}
,"/mnt/c/Users/gajap/sandbox/nebula/nebula-insurance-crm/experience/src/features/brokers/lib/validation.ts": {"lines":{"total":70,"covered":0,"skipped":0,"pct":0},"functions":{"total":1,"covered":1,"skipped":0,"pct":100},"statements":{"total":70,"covered":0,"skipped":0,"pct":0},"branches":{"total":1,"covered":1,"skipped":0,"pct":100}}
,"/mnt/c/Users/gajap/sandbox/nebula/nebula-insurance-crm/experience/src/features/brokers/tests/BrokerListPage.a11y.test.tsx": {"lines":{"total":18,"covered":0,"skipped":0,"pct":0},"functions":{"total":1,"covered":0,"skipped":0,"pct":0},"statements":{"total":18,"covered":0,"skipped":0,"pct":0},"branches":{"total":1,"covered":0,"skipped":0,"pct":0}}
,"/mnt/c/Users/gajap/sandbox/nebula/nebula-insurance-crm/experience/src/features/brokers/tests/BrokerListPage.integration.test.tsx": {"lines":{"total":31,"covered":0,"skipped":0,"pct":0},"functions":{"total":1,"covered":0,"skipped":0,"pct":0},"statements":{"total":31,"covered":0,"skipped":0,"pct":0},"branches":{"total":1,"covered":0,"skipped":0,"pct":0}}
,"/mnt/c/Users/gajap/sandbox/nebula/nebula-insurance-crm/experience/src/features/brokers/tests/validation.test.ts": {"lines":{"total":58,"covered":0,"skipped":0,"pct":0},"functions":{"total":1,"covered":0,"skipped":0,"pct":0},"statements":{"total":58,"covered":0,"skipped":0,"pct":0},"branches":{"total":1,"covered":0,"skipped":0,"pct":0}}
,"/mnt/c/Users/gajap/sandbox/nebula/nebula-insurance-crm/experience/src/features/documents/hooks.ts": {"lines":{"total":168,"covered":0,"skipped":0,"pct":0},"functions":{"total":1,"covered":0,"skipped":0,"pct":0},"statements":{"total":168,"covered":0,"skipped":0,"pct":0},"branches":{"total":1,"covered":0,"skipped":0,"pct":0}}
,"/mnt/c/Users/gajap/sandbox/nebula/nebula-insurance-crm/experience/src/features/documents/index.ts": {"lines":{"total":6,"covered":0,"skipped":0,"pct":0},"functions":{"total":1,"covered":0,"skipped":0,"pct":0},"statements":{"total":6,"covered":0,"skipped":0,"pct":0},"branches":{"total":1,"covered":0,"skipped":0,"pct":0}}
,"/mnt/c/Users/gajap/sandbox/nebula/nebula-insurance-crm/experience/src/features/documents/types.ts": {"lines":{"total":0,"covered":0,"skipped":0,"pct":100},"functions":{"total":1,"covered":1,"skipped":0,"pct":100},"statements":{"total":0,"covered":0,"skipped":0,"pct":100},"branches":{"total":1,"covered":1,"skipped":0,"pct":100}}
,"/mnt/c/Users/gajap/sandbox/nebula/nebula-insurance-crm/experience/src/features/documents/components/DocumentDetailView.tsx": {"lines":{"total":263,"covered":0,"skipped":0,"pct":0},"functions":{"total":1,"covered":0,"skipped":0,"pct":0},"statements":{"total":263,"covered":0,"skipped":0,"pct":0},"branches":{"total":1,"covered":0,"skipped":0,"pct":0}}
,"/mnt/c/Users/gajap/sandbox/nebula/nebula-insurance-crm/experience/src/features/documents/components/DocumentMetadataFields.tsx": {"lines":{"total":89,"covered":0,"skipped":0,"pct":0},"functions":{"total":1,"covered":0,"skipped":0,"pct":0},"statements":{"total":89,"covered":0,"skipped":0,"pct":0},"branches":{"total":1,"covered":0,"skipped":0,"pct":0}}
,"/mnt/c/Users/gajap/sandbox/nebula/nebula-insurance-crm/experience/src/features/documents/components/DocumentTemplatesLibrary.tsx": {"lines":{"total":88,"covered":0,"skipped":0,"pct":0},"functions":{"total":1,"covered":0,"skipped":0,"pct":0},"statements":{"total":88,"covered":0,"skipped":0,"pct":0},"branches":{"total":1,"covered":0,"skipped":0,"pct":0}}
,"/mnt/c/Users/gajap/sandbox/nebula/nebula-insurance-crm/experience/src/features/documents/components/DocumentUploadDialog.tsx": {"lines":{"total":193,"covered":0,"skipped":0,"pct":0},"functions":{"total":1,"covered":0,"skipped":0,"pct":0},"statements":{"total":193,"covered":0,"skipped":0,"pct":0},"branches":{"total":1,"covered":0,"skipped":0,"pct":0}}
,"/mnt/c/Users/gajap/sandbox/nebula/nebula-insurance-crm/experience/src/features/documents/components/ParentDocumentsPanel.tsx": {"lines":{"total":91,"covered":0,"skipped":0,"pct":0},"functions":{"total":1,"covered":0,"skipped":0,"pct":0},"statements":{"total":91,"covered":0,"skipped":0,"pct":0},"branches":{"total":1,"covered":0,"skipped":0,"pct":0}}
,"/mnt/c/Users/gajap/sandbox/nebula/nebula-insurance-crm/experience/src/features/documents/tests/ParentDocumentsPanel.test.tsx": {"lines":{"total":25,"covered":0,"skipped":0,"pct":0},"functions":{"total":1,"covered":0,"skipped":0,"pct":0},"statements":{"total":25,"covered":0,"skipped":0,"pct":0},"branches":{"total":1,"covered":0,"skipped":0,"pct":0}}
,"/mnt/c/Users/gajap/sandbox/nebula/nebula-insurance-crm/experience/src/features/kpis/index.ts": {"lines":{"total":2,"covered":0,"skipped":0,"pct":0},"functions":{"total":1,"covered":0,"skipped":0,"pct":0},"statements":{"total":2,"covered":0,"skipped":0,"pct":0},"branches":{"total":1,"covered":0,"skipped":0,"pct":0}}
,"/mnt/c/Users/gajap/sandbox/nebula/nebula-insurance-crm/experience/src/features/kpis/types.ts": {"lines":{"total":0,"covered":0,"skipped":0,"pct":100},"functions":{"total":1,"covered":1,"skipped":0,"pct":100},"statements":{"total":0,"covered":0,"skipped":0,"pct":100},"branches":{"total":1,"covered":1,"skipped":0,"pct":100}}
,"/mnt/c/Users/gajap/sandbox/nebula/nebula-insurance-crm/experience/src/features/kpis/components/KpiCard.tsx": {"lines":{"total":12,"covered":0,"skipped":0,"pct":0},"functions":{"total":1,"covered":0,"skipped":0,"pct":0},"statements":{"total":12,"covered":0,"skipped":0,"pct":0},"branches":{"total":1,"covered":0,"skipped":0,"pct":0}}
,"/mnt/c/Users/gajap/sandbox/nebula/nebula-insurance-crm/experience/src/features/kpis/components/KpiCardsRow.tsx": {"lines":{"total":40,"covered":0,"skipped":0,"pct":0},"functions":{"total":1,"covered":0,"skipped":0,"pct":0},"statements":{"total":40,"covered":0,"skipped":0,"pct":0},"branches":{"total":1,"covered":0,"skipped":0,"pct":0}}
,"/mnt/c/Users/gajap/sandbox/nebula/nebula-insurance-crm/experience/src/features/kpis/hooks/useDashboardKpis.ts": {"lines":{"total":7,"covered":0,"skipped":0,"pct":0},"functions":{"total":1,"covered":0,"skipped":0,"pct":0},"statements":{"total":7,"covered":0,"skipped":0,"pct":0},"branches":{"total":1,"covered":0,"skipped":0,"pct":0}}
,"/mnt/c/Users/gajap/sandbox/nebula/nebula-insurance-crm/experience/src/features/lob-attributes/index.ts": {"lines":{"total":4,"covered":0,"skipped":0,"pct":0},"functions":{"total":1,"covered":0,"skipped":0,"pct":0},"statements":{"total":4,"covered":0,"skipped":0,"pct":0},"branches":{"total":1,"covered":0,"skipped":0,"pct":0}}
,"/mnt/c/Users/gajap/sandbox/nebula/nebula-insurance-crm/experience/src/features/lob-attributes/types.ts": {"lines":{"total":0,"covered":0,"skipped":0,"pct":100},"functions":{"total":1,"covered":1,"skipped":0,"pct":100},"statements":{"total":0,"covered":0,"skipped":0,"pct":100},"branches":{"total":1,"covered":1,"skipped":0,"pct":100}}
,"/mnt/c/Users/gajap/sandbox/nebula/nebula-insurance-crm/experience/src/features/lob-attributes/components/DynamicAttributePanel.tsx": {"lines":{"total":140,"covered":0,"skipped":0,"pct":0},"functions":{"total":1,"covered":0,"skipped":0,"pct":0},"statements":{"total":140,"covered":0,"skipped":0,"pct":0},"branches":{"total":1,"covered":0,"skipped":0,"pct":0}}
,"/mnt/c/Users/gajap/sandbox/nebula/nebula-insurance-crm/experience/src/features/lob-attributes/hooks/useLobSchemaBundle.ts": {"lines":{"total":19,"covered":0,"skipped":0,"pct":0},"functions":{"total":1,"covered":0,"skipped":0,"pct":0},"statements":{"total":19,"covered":0,"skipped":0,"pct":0},"branches":{"total":1,"covered":0,"skipped":0,"pct":0}}
,"/mnt/c/Users/gajap/sandbox/nebula/nebula-insurance-crm/experience/src/features/lob-attributes/lib/cyber.ts": {"lines":{"total":136,"covered":0,"skipped":0,"pct":0},"functions":{"total":1,"covered":1,"skipped":0,"pct":100},"statements":{"total":136,"covered":0,"skipped":0,"pct":0},"branches":{"total":1,"covered":1,"skipped":0,"pct":100}}
,"/mnt/c/Users/gajap/sandbox/nebula/nebula-insurance-crm/experience/src/features/neuron/index.ts": {"lines":{"total":3,"covered":0,"skipped":0,"pct":0},"functions":{"total":1,"covered":0,"skipped":0,"pct":0},"statements":{"total":3,"covered":0,"skipped":0,"pct":0},"branches":{"total":1,"covered":0,"skipped":0,"pct":0}}
,"/mnt/c/Users/gajap/sandbox/nebula/nebula-insurance-crm/experience/src/features/neuron/types.ts": {"lines":{"total":0,"covered":0,"skipped":0,"pct":100},"functions":{"total":1,"covered":1,"skipped":0,"pct":100},"statements":{"total":0,"covered":0,"skipped":0,"pct":100},"branches":{"total":1,"covered":1,"skipped":0,"pct":100}}
,"/mnt/c/Users/gajap/sandbox/nebula/nebula-insurance-crm/experience/src/features/neuron/components/NeuronPanel.tsx": {"lines":{"total":91,"covered":0,"skipped":0,"pct":0},"functions":{"total":1,"covered":0,"skipped":0,"pct":0},"statements":{"total":91,"covered":0,"skipped":0,"pct":0},"branches":{"total":1,"covered":0,"skipped":0,"pct":0}}
,"/mnt/c/Users/gajap/sandbox/nebula/nebula-insurance-crm/experience/src/features/neuron/hooks/useNeuronChat.ts": {"lines":{"total":30,"covered":0,"skipped":0,"pct":0},"functions":{"total":1,"covered":0,"skipped":0,"pct":0},"statements":{"total":30,"covered":0,"skipped":0,"pct":0},"branches":{"total":1,"covered":0,"skipped":0,"pct":0}}
,"/mnt/c/Users/gajap/sandbox/nebula/nebula-insurance-crm/experience/src/features/notifications/index.ts": {"lines":{"total":3,"covered":0,"skipped":0,"pct":0},"functions":{"total":1,"covered":0,"skipped":0,"pct":0},"statements":{"total":3,"covered":0,"skipped":0,"pct":0},"branches":{"total":1,"covered":0,"skipped":0,"pct":0}}
,"/mnt/c/Users/gajap/sandbox/nebula/nebula-insurance-crm/experience/src/features/notifications/types.ts": {"lines":{"total":0,"covered":0,"skipped":0,"pct":100},"functions":{"total":1,"covered":1,"skipped":0,"pct":100},"statements":{"total":0,"covered":0,"skipped":0,"pct":100},"branches":{"total":1,"covered":1,"skipped":0,"pct":100}}
,"/mnt/c/Users/gajap/sandbox/nebula/nebula-insurance-crm/experience/src/features/notifications/components/NotificationDropdown.tsx": {"lines":{"total":170,"covered":0,"skipped":0,"pct":0},"functions":{"total":1,"covered":0,"skipped":0,"pct":0},"statements":{"total":170,"covered":0,"skipped":0,"pct":0},"branches":{"total":1,"covered":0,"skipped":0,"pct":0}}
,"/mnt/c/Users/gajap/sandbox/nebula/nebula-insurance-crm/experience/src/features/notifications/hooks/useNotifications.ts": {"lines":{"total":92,"covered":0,"skipped":0,"pct":0},"functions":{"total":1,"covered":0,"skipped":0,"pct":0},"statements":{"total":92,"covered":0,"skipped":0,"pct":0},"branches":{"total":1,"covered":0,"skipped":0,"pct":0}}
,"/mnt/c/Users/gajap/sandbox/nebula/nebula-insurance-crm/experience/src/features/notifications/tests/NotificationDropdown.test.tsx": {"lines":{"total":46,"covered":0,"skipped":0,"pct":0},"functions":{"total":1,"covered":0,"skipped":0,"pct":0},"statements":{"total":46,"covered":0,"skipped":0,"pct":0},"branches":{"total":1,"covered":0,"skipped":0,"pct":0}}
,"/mnt/c/Users/gajap/sandbox/nebula/nebula-insurance-crm/experience/src/features/nudges/index.ts": {"lines":{"total":2,"covered":0,"skipped":0,"pct":0},"functions":{"total":1,"covered":0,"skipped":0,"pct":0},"statements":{"total":2,"covered":0,"skipped":0,"pct":0},"branches":{"total":1,"covered":0,"skipped":0,"pct":0}}
,"/mnt/c/Users/gajap/sandbox/nebula/nebula-insurance-crm/experience/src/features/nudges/types.ts": {"lines":{"total":0,"covered":0,"skipped":0,"pct":100},"functions":{"total":1,"covered":1,"skipped":0,"pct":100},"statements":{"total":0,"covered":0,"skipped":0,"pct":100},"branches":{"total":1,"covered":1,"skipped":0,"pct":100}}
,"/mnt/c/Users/gajap/sandbox/nebula/nebula-insurance-crm/experience/src/features/nudges/components/NudgeCard.tsx": {"lines":{"total":44,"covered":0,"skipped":0,"pct":0},"functions":{"total":1,"covered":0,"skipped":0,"pct":0},"statements":{"total":44,"covered":0,"skipped":0,"pct":0},"branches":{"total":1,"covered":0,"skipped":0,"pct":0}}
,"/mnt/c/Users/gajap/sandbox/nebula/nebula-insurance-crm/experience/src/features/nudges/components/NudgeCardsSection.tsx": {"lines":{"total":29,"covered":0,"skipped":0,"pct":0},"functions":{"total":1,"covered":0,"skipped":0,"pct":0},"statements":{"total":29,"covered":0,"skipped":0,"pct":0},"branches":{"total":1,"covered":0,"skipped":0,"pct":0}}
,"/mnt/c/Users/gajap/sandbox/nebula/nebula-insurance-crm/experience/src/features/nudges/hooks/useDashboardNudges.ts": {"lines":{"total":7,"covered":0,"skipped":0,"pct":0},"functions":{"total":1,"covered":0,"skipped":0,"pct":0},"statements":{"total":7,"covered":0,"skipped":0,"pct":0},"branches":{"total":1,"covered":0,"skipped":0,"pct":0}}
,"/mnt/c/Users/gajap/sandbox/nebula/nebula-insurance-crm/experience/src/features/opportunities/index.ts": {"lines":{"total":1,"covered":0,"skipped":0,"pct":0},"functions":{"total":1,"covered":0,"skipped":0,"pct":0},"statements":{"total":1,"covered":0,"skipped":0,"pct":0},"branches":{"total":1,"covered":0,"skipped":0,"pct":0}}
,"/mnt/c/Users/gajap/sandbox/nebula/nebula-insurance-crm/experience/src/features/opportunities/types.ts": {"lines":{"total":0,"covered":0,"skipped":0,"pct":100},"functions":{"total":1,"covered":1,"skipped":0,"pct":100},"statements":{"total":0,"covered":0,"skipped":0,"pct":100},"branches":{"total":1,"covered":1,"skipped":0,"pct":100}}
,"/mnt/c/Users/gajap/sandbox/nebula/nebula-insurance-crm/experience/src/features/opportunities/components/MiniVisualization.tsx": {"lines":{"total":251,"covered":0,"skipped":0,"pct":0},"functions":{"total":1,"covered":0,"skipped":0,"pct":0},"statements":{"total":251,"covered":0,"skipped":0,"pct":0},"branches":{"total":1,"covered":0,"skipped":0,"pct":0}}
,"/mnt/c/Users/gajap/sandbox/nebula/nebula-insurance-crm/experience/src/features/opportunities/components/MobilePipelineSummary.tsx": {"lines":{"total":55,"covered":0,"skipped":0,"pct":0},"functions":{"total":1,"covered":0,"skipped":0,"pct":0},"statements":{"total":55,"covered":0,"skipped":0,"pct":0},"branches":{"total":1,"covered":0,"skipped":0,"pct":0}}
,"/mnt/c/Users/gajap/sandbox/nebula/nebula-insurance-crm/experience/src/features/opportunities/components/NarrativeCallout.tsx": {"lines":{"total":21,"covered":0,"skipped":0,"pct":0},"functions":{"total":1,"covered":0,"skipped":0,"pct":0},"statements":{"total":21,"covered":0,"skipped":0,"pct":0},"branches":{"total":1,"covered":0,"skipped":0,"pct":0}}
,"/mnt/c/Users/gajap/sandbox/nebula/nebula-insurance-crm/experience/src/features/opportunities/components/OpportunitiesSummary.tsx": {"lines":{"total":4,"covered":0,"skipped":0,"pct":0},"functions":{"total":1,"covered":0,"skipped":0,"pct":0},"statements":{"total":4,"covered":0,"skipped":0,"pct":0},"branches":{"total":1,"covered":0,"skipped":0,"pct":0}}
,"/mnt/c/Users/gajap/sandbox/nebula/nebula-insurance-crm/experience/src/features/opportunities/components/OpportunityChart.tsx": {"lines":{"total":289,"covered":0,"skipped":0,"pct":0},"functions":{"total":1,"covered":0,"skipped":0,"pct":0},"statements":{"total":289,"covered":0,"skipped":0,"pct":0},"branches":{"total":1,"covered":0,"skipped":0,"pct":0}}
,"/mnt/c/Users/gajap/sandbox/nebula/nebula-insurance-crm/experience/src/features/opportunities/components/OpportunityHeatmap.tsx": {"lines":{"total":100,"covered":0,"skipped":0,"pct":0},"functions":{"total":1,"covered":0,"skipped":0,"pct":0},"statements":{"total":100,"covered":0,"skipped":0,"pct":0},"branches":{"total":1,"covered":0,"skipped":0,"pct":0}}
,"/mnt/c/Users/gajap/sandbox/nebula/nebula-insurance-crm/experience/src/features/opportunities/components/OpportunityMiniCard.tsx": {"lines":{"total":21,"covered":0,"skipped":0,"pct":0},"functions":{"total":1,"covered":0,"skipped":0,"pct":0},"statements":{"total":21,"covered":0,"skipped":0,"pct":0},"branches":{"total":1,"covered":0,"skipped":0,"pct":0}}
,"/mnt/c/Users/gajap/sandbox/nebula/nebula-insurance-crm/experience/src/features/opportunities/components/OpportunityOutcomePopover.tsx": {"lines":{"total":32,"covered":0,"skipped":0,"pct":0},"functions":{"total":1,"covered":0,"skipped":0,"pct":0},"statements":{"total":32,"covered":0,"skipped":0,"pct":0},"branches":{"total":1,"covered":0,"skipped":0,"pct":0}}
,"/mnt/c/Users/gajap/sandbox/nebula/nebula-insurance-crm/experience/src/features/opportunities/components/OpportunityOutcomesRail.tsx": {"lines":{"total":61,"covered":0,"skipped":0,"pct":0},"functions":{"total":1,"covered":0,"skipped":0,"pct":0},"statements":{"total":61,"covered":0,"skipped":0,"pct":0},"branches":{"total":1,"covered":0,"skipped":0,"pct":0}}
,"/mnt/c/Users/gajap/sandbox/nebula/nebula-insurance-crm/experience/src/features/opportunities/components/OpportunityPill.tsx": {"lines":{"total":24,"covered":0,"skipped":0,"pct":0},"functions":{"total":1,"covered":0,"skipped":0,"pct":0},"statements":{"total":24,"covered":0,"skipped":0,"pct":0},"branches":{"total":1,"covered":0,"skipped":0,"pct":0}}
,"/mnt/c/Users/gajap/sandbox/nebula/nebula-insurance-crm/experience/src/features/opportunities/components/OpportunityPipelineBoard.tsx": {"lines":{"total":127,"covered":0,"skipped":0,"pct":0},"functions":{"total":1,"covered":0,"skipped":0,"pct":0},"statements":{"total":127,"covered":0,"skipped":0,"pct":0},"branches":{"total":1,"covered":0,"skipped":0,"pct":0}}
,"/mnt/c/Users/gajap/sandbox/nebula/nebula-insurance-crm/experience/src/features/opportunities/components/OpportunityPopover.tsx": {"lines":{"total":24,"covered":0,"skipped":0,"pct":0},"functions":{"total":1,"covered":0,"skipped":0,"pct":0},"statements":{"total":24,"covered":0,"skipped":0,"pct":0},"branches":{"total":1,"covered":0,"skipped":0,"pct":0}}
,"/mnt/c/Users/gajap/sandbox/nebula/nebula-insurance-crm/experience/src/features/opportunities/components/OpportunityRow.tsx": {"lines":{"total":20,"covered":0,"skipped":0,"pct":0},"functions":{"total":1,"covered":0,"skipped":0,"pct":0},"statements":{"total":20,"covered":0,"skipped":0,"pct":0},"branches":{"total":1,"covered":0,"skipped":0,"pct":0}}
,"/mnt/c/Users/gajap/sandbox/nebula/nebula-insurance-crm/experience/src/features/opportunities/components/OpportunityScopeDropdown.tsx": {"lines":{"total":53,"covered":0,"skipped":0,"pct":0},"functions":{"total":1,"covered":0,"skipped":0,"pct":0},"statements":{"total":53,"covered":0,"skipped":0,"pct":0},"branches":{"total":1,"covered":0,"skipped":0,"pct":0}}
,"/mnt/c/Users/gajap/sandbox/nebula/nebula-insurance-crm/experience/src/features/opportunities/components/OpportunitySunburst.tsx": {"lines":{"total":185,"covered":0,"skipped":0,"pct":0},"functions":{"total":1,"covered":0,"skipped":0,"pct":0},"statements":{"total":185,"covered":0,"skipped":0,"pct":0},"branches":{"total":1,"covered":0,"skipped":0,"pct":0}}
,"/mnt/c/Users/gajap/sandbox/nebula/nebula-insurance-crm/experience/src/features/opportunities/components/OpportunityTreemap.tsx": {"lines":{"total":251,"covered":0,"skipped":0,"pct":0},"functions":{"total":1,"covered":0,"skipped":0,"pct":0},"statements":{"total":251,"covered":0,"skipped":0,"pct":0},"branches":{"total":1,"covered":0,"skipped":0,"pct":0}}
,"/mnt/c/Users/gajap/sandbox/nebula/nebula-insurance-crm/experience/src/features/opportunities/components/OpportunityViewSwitcher.tsx": {"lines":{"total":34,"covered":0,"skipped":0,"pct":0},"functions":{"total":1,"covered":0,"skipped":0,"pct":0},"statements":{"total":34,"covered":0,"skipped":0,"pct":0},"branches":{"total":1,"covered":0,"skipped":0,"pct":0}}
,"/mnt/c/Users/gajap/sandbox/nebula/nebula-insurance-crm/experience/src/features/opportunities/components/StageNodeStoryPanel.tsx": {"lines":{"total":812,"covered":0,"skipped":0,"pct":0},"functions":{"total":1,"covered":0,"skipped":0,"pct":0},"statements":{"total":812,"covered":0,"skipped":0,"pct":0},"branches":{"total":1,"covered":0,"skipped":0,"pct":0}}
,"/mnt/c/Users/gajap/sandbox/nebula/nebula-insurance-crm/experience/src/features/opportunities/components/StoryCanvas.tsx": {"lines":{"total":194,"covered":0,"skipped":0,"pct":0},"functions":{"total":1,"covered":0,"skipped":0,"pct":0},"statements":{"total":194,"covered":0,"skipped":0,"pct":0},"branches":{"total":1,"covered":0,"skipped":0,"pct":0}}
,"/mnt/c/Users/gajap/sandbox/nebula/nebula-insurance-crm/experience/src/features/opportunities/components/TerminalOutcomesRail.tsx": {"lines":{"total":61,"covered":0,"skipped":0,"pct":0},"functions":{"total":1,"covered":0,"skipped":0,"pct":0},"statements":{"total":61,"covered":0,"skipped":0,"pct":0},"branches":{"total":1,"covered":0,"skipped":0,"pct":0}}
,"/mnt/c/Users/gajap/sandbox/nebula/nebula-insurance-crm/experience/src/features/opportunities/components/TimelineStageNode.tsx": {"lines":{"total":39,"covered":0,"skipped":0,"pct":0},"functions":{"total":1,"covered":0,"skipped":0,"pct":0},"statements":{"total":39,"covered":0,"skipped":0,"pct":0},"branches":{"total":1,"covered":0,"skipped":0,"pct":0}}
,"/mnt/c/Users/gajap/sandbox/nebula/nebula-insurance-crm/experience/src/features/opportunities/components/TimelineSvgOverlay.tsx": {"lines":{"total":130,"covered":0,"skipped":0,"pct":0},"functions":{"total":1,"covered":0,"skipped":0,"pct":0},"statements":{"total":130,"covered":0,"skipped":0,"pct":0},"branches":{"total":1,"covered":0,"skipped":0,"pct":0}}
,"/mnt/c/Users/gajap/sandbox/nebula/nebula-insurance-crm/experience/src/features/opportunities/components/VerticalTimeline.tsx": {"lines":{"total":241,"covered":0,"skipped":0,"pct":0},"functions":{"total":1,"covered":0,"skipped":0,"pct":0},"statements":{"total":241,"covered":0,"skipped":0,"pct":0},"branches":{"total":1,"covered":0,"skipped":0,"pct":0}}
,"/mnt/c/Users/gajap/sandbox/nebula/nebula-insurance-crm/experience/src/features/opportunities/components/storyTimelineTypes.ts": {"lines":{"total":0,"covered":0,"skipped":0,"pct":100},"functions":{"total":1,"covered":1,"skipped":0,"pct":100},"statements":{"total":0,"covered":0,"skipped":0,"pct":100},"branches":{"total":1,"covered":1,"skipped":0,"pct":100}}
,"/mnt/c/Users/gajap/sandbox/nebula/nebula-insurance-crm/experience/src/features/opportunities/components/storyTypes.ts": {"lines":{"total":0,"covered":0,"skipped":0,"pct":100},"functions":{"total":1,"covered":1,"skipped":0,"pct":100},"statements":{"total":0,"covered":0,"skipped":0,"pct":100},"branches":{"total":1,"covered":1,"skipped":0,"pct":100}}
,"/mnt/c/Users/gajap/sandbox/nebula/nebula-insurance-crm/experience/src/features/opportunities/hooks/useDashboardOpportunities.ts": {"lines":{"total":10,"covered":0,"skipped":0,"pct":0},"functions":{"total":1,"covered":0,"skipped":0,"pct":0},"statements":{"total":10,"covered":0,"skipped":0,"pct":0},"branches":{"total":1,"covered":0,"skipped":0,"pct":0}}
,"/mnt/c/Users/gajap/sandbox/nebula/nebula-insurance-crm/experience/src/features/opportunities/hooks/useOpportunityAging.ts": {"lines":{"total":15,"covered":0,"skipped":0,"pct":0},"functions":{"total":1,"covered":0,"skipped":0,"pct":0},"statements":{"total":15,"covered":0,"skipped":0,"pct":0},"branches":{"total":1,"covered":0,"skipped":0,"pct":0}}
,"/mnt/c/Users/gajap/sandbox/nebula/nebula-insurance-crm/experience/src/features/opportunities/hooks/useOpportunityBreakdown.ts": {"lines":{"total":17,"covered":0,"skipped":0,"pct":0},"functions":{"total":1,"covered":0,"skipped":0,"pct":0},"statements":{"total":17,"covered":0,"skipped":0,"pct":0},"branches":{"total":1,"covered":0,"skipped":0,"pct":0}}
,"/mnt/c/Users/gajap/sandbox/nebula/nebula-insurance-crm/experience/src/features/opportunities/hooks/useOpportunityFlow.ts": {"lines":{"total":15,"covered":0,"skipped":0,"pct":0},"functions":{"total":1,"covered":0,"skipped":0,"pct":0},"statements":{"total":15,"covered":0,"skipped":0,"pct":0},"branches":{"total":1,"covered":0,"skipped":0,"pct":0}}
,"/mnt/c/Users/gajap/sandbox/nebula/nebula-insurance-crm/experience/src/features/opportunities/hooks/useOpportunityHierarchy.ts": {"lines":{"total":14,"covered":0,"skipped":0,"pct":0},"functions":{"total":1,"covered":0,"skipped":0,"pct":0},"statements":{"total":14,"covered":0,"skipped":0,"pct":0},"branches":{"total":1,"covered":0,"skipped":0,"pct":0}}
,"/mnt/c/Users/gajap/sandbox/nebula/nebula-insurance-crm/experience/src/features/opportunities/hooks/useOpportunityItems.ts": {"lines":{"total":15,"covered":0,"skipped":0,"pct":0},"functions":{"total":1,"covered":0,"skipped":0,"pct":0},"statements":{"total":15,"covered":0,"skipped":0,"pct":0},"branches":{"total":1,"covered":0,"skipped":0,"pct":0}}
,"/mnt/c/Users/gajap/sandbox/nebula/nebula-insurance-crm/experience/src/features/opportunities/hooks/useOpportunityOutcomeItems.ts": {"lines":{"total":27,"covered":0,"skipped":0,"pct":0},"functions":{"total":1,"covered":0,"skipped":0,"pct":0},"statements":{"total":27,"covered":0,"skipped":0,"pct":0},"branches":{"total":1,"covered":0,"skipped":0,"pct":0}}
,"/mnt/c/Users/gajap/sandbox/nebula/nebula-insurance-crm/experience/src/features/opportunities/hooks/useOpportunityOutcomes.ts": {"lines":{"total":26,"covered":0,"skipped":0,"pct":0},"functions":{"total":1,"covered":0,"skipped":0,"pct":0},"statements":{"total":26,"covered":0,"skipped":0,"pct":0},"branches":{"total":1,"covered":0,"skipped":0,"pct":0}}
,"/mnt/c/Users/gajap/sandbox/nebula/nebula-insurance-crm/experience/src/features/opportunities/hooks/useTimelineGeometry.ts": {"lines":{"total":107,"covered":0,"skipped":0,"pct":0},"functions":{"total":1,"covered":0,"skipped":0,"pct":0},"statements":{"total":107,"covered":0,"skipped":0,"pct":0},"branches":{"total":1,"covered":0,"skipped":0,"pct":0}}
,"/mnt/c/Users/gajap/sandbox/nebula/nebula-insurance-crm/experience/src/features/opportunities/lib/opportunity-colors.ts": {"lines":{"total":60,"covered":0,"skipped":0,"pct":0},"functions":{"total":1,"covered":1,"skipped":0,"pct":100},"statements":{"total":60,"covered":0,"skipped":0,"pct":0},"branches":{"total":1,"covered":1,"skipped":0,"pct":100}}
,"/mnt/c/Users/gajap/sandbox/nebula/nebula-insurance-crm/experience/src/features/opportunities/lib/opportunity-scope.ts": {"lines":{"total":22,"covered":0,"skipped":0,"pct":0},"functions":{"total":1,"covered":1,"skipped":0,"pct":100},"statements":{"total":22,"covered":0,"skipped":0,"pct":0},"branches":{"total":1,"covered":1,"skipped":0,"pct":100}}
,"/mnt/c/Users/gajap/sandbox/nebula/nebula-insurance-crm/experience/src/features/opportunities/tests/OpportunitiesSummary.test.tsx": {"lines":{"total":487,"covered":0,"skipped":0,"pct":0},"functions":{"total":1,"covered":0,"skipped":0,"pct":0},"statements":{"total":487,"covered":0,"skipped":0,"pct":0},"branches":{"total":1,"covered":0,"skipped":0,"pct":0}}
,"/mnt/c/Users/gajap/sandbox/nebula/nebula-insurance-crm/experience/src/features/opportunities/tests/OpportunityPopovers.test.tsx": {"lines":{"total":91,"covered":0,"skipped":0,"pct":0},"functions":{"total":1,"covered":0,"skipped":0,"pct":0},"statements":{"total":91,"covered":0,"skipped":0,"pct":0},"branches":{"total":1,"covered":0,"skipped":0,"pct":0}}
,"/mnt/c/Users/gajap/sandbox/nebula/nebula-insurance-crm/experience/src/features/opportunities/tests/OpportunityVisualizations.test.tsx": {"lines":{"total":302,"covered":0,"skipped":0,"pct":0},"functions":{"total":1,"covered":0,"skipped":0,"pct":0},"statements":{"total":302,"covered":0,"skipped":0,"pct":0},"branches":{"total":1,"covered":0,"skipped":0,"pct":0}}
,"/mnt/c/Users/gajap/sandbox/nebula/nebula-insurance-crm/experience/src/features/policies/hooks.ts": {"lines":{"total":165,"covered":0,"skipped":0,"pct":0},"functions":{"total":1,"covered":0,"skipped":0,"pct":0},"statements":{"total":165,"covered":0,"skipped":0,"pct":0},"branches":{"total":1,"covered":0,"skipped":0,"pct":0}}
,"/mnt/c/Users/gajap/sandbox/nebula/nebula-insurance-crm/experience/src/features/policies/index.ts": {"lines":{"total":8,"covered":0,"skipped":0,"pct":0},"functions":{"total":1,"covered":0,"skipped":0,"pct":0},"statements":{"total":8,"covered":0,"skipped":0,"pct":0},"branches":{"total":1,"covered":0,"skipped":0,"pct":0}}
,"/mnt/c/Users/gajap/sandbox/nebula/nebula-insurance-crm/experience/src/features/policies/types.ts": {"lines":{"total":0,"covered":0,"skipped":0,"pct":100},"functions":{"total":1,"covered":1,"skipped":0,"pct":100},"statements":{"total":0,"covered":0,"skipped":0,"pct":100},"branches":{"total":1,"covered":1,"skipped":0,"pct":100}}
,"/mnt/c/Users/gajap/sandbox/nebula/nebula-insurance-crm/experience/src/features/policies/components/PolicyFilterToolbar.tsx": {"lines":{"total":80,"covered":0,"skipped":0,"pct":0},"functions":{"total":1,"covered":0,"skipped":0,"pct":0},"statements":{"total":80,"covered":0,"skipped":0,"pct":0},"branches":{"total":1,"covered":0,"skipped":0,"pct":0}}
,"/mnt/c/Users/gajap/sandbox/nebula/nebula-insurance-crm/experience/src/features/policies/components/PolicyListTable.tsx": {"lines":{"total":53,"covered":0,"skipped":0,"pct":0},"functions":{"total":1,"covered":0,"skipped":0,"pct":0},"statements":{"total":53,"covered":0,"skipped":0,"pct":0},"branches":{"total":1,"covered":0,"skipped":0,"pct":0}}
,"/mnt/c/Users/gajap/sandbox/nebula/nebula-insurance-crm/experience/src/features/policies/components/PolicyRails.tsx": {"lines":{"total":126,"covered":0,"skipped":0,"pct":0},"functions":{"total":1,"covered":0,"skipped":0,"pct":0},"statements":{"total":126,"covered":0,"skipped":0,"pct":0},"branches":{"total":1,"covered":0,"skipped":0,"pct":0}}
,"/mnt/c/Users/gajap/sandbox/nebula/nebula-insurance-crm/experience/src/features/policies/components/PolicyStatusBadge.tsx": {"lines":{"total":8,"covered":0,"skipped":0,"pct":0},"functions":{"total":1,"covered":0,"skipped":0,"pct":0},"statements":{"total":8,"covered":0,"skipped":0,"pct":0},"branches":{"total":1,"covered":0,"skipped":0,"pct":0}}
,"/mnt/c/Users/gajap/sandbox/nebula/nebula-insurance-crm/experience/src/features/policies/components/PolicySummaryHeader.tsx": {"lines":{"total":74,"covered":0,"skipped":0,"pct":0},"functions":{"total":1,"covered":0,"skipped":0,"pct":0},"statements":{"total":74,"covered":0,"skipped":0,"pct":0},"branches":{"total":1,"covered":0,"skipped":0,"pct":0}}
,"/mnt/c/Users/gajap/sandbox/nebula/nebula-insurance-crm/experience/src/features/policies/lib/format.ts": {"lines":{"total":49,"covered":0,"skipped":0,"pct":0},"functions":{"total":1,"covered":1,"skipped":0,"pct":100},"statements":{"total":49,"covered":0,"skipped":0,"pct":0},"branches":{"total":1,"covered":1,"skipped":0,"pct":100}}
,"/mnt/c/Users/gajap/sandbox/nebula/nebula-insurance-crm/experience/src/features/renewals/index.ts": {"lines":{"total":13,"covered":0,"skipped":0,"pct":0},"functions":{"total":1,"covered":0,"skipped":0,"pct":0},"statements":{"total":13,"covered":0,"skipped":0,"pct":0},"branches":{"total":1,"covered":0,"skipped":0,"pct":0}}
,"/mnt/c/Users/gajap/sandbox/nebula/nebula-insurance-crm/experience/src/features/renewals/types.ts": {"lines":{"total":0,"covered":0,"skipped":0,"pct":100},"functions":{"total":1,"covered":1,"skipped":0,"pct":100},"statements":{"total":0,"covered":0,"skipped":0,"pct":100},"branches":{"total":1,"covered":1,"skipped":0,"pct":100}}
,"/mnt/c/Users/gajap/sandbox/nebula/nebula-insurance-crm/experience/src/features/renewals/components/RenewalPipelineNudgeCard.tsx": {"lines":{"total":60,"covered":0,"skipped":0,"pct":0},"functions":{"total":1,"covered":0,"skipped":0,"pct":0},"statements":{"total":60,"covered":0,"skipped":0,"pct":0},"branches":{"total":1,"covered":0,"skipped":0,"pct":0}}
,"/mnt/c/Users/gajap/sandbox/nebula/nebula-insurance-crm/experience/src/features/renewals/components/RenewalStatusBadge.tsx": {"lines":{"total":8,"covered":0,"skipped":0,"pct":0},"functions":{"total":1,"covered":0,"skipped":0,"pct":0},"statements":{"total":8,"covered":0,"skipped":0,"pct":0},"branches":{"total":1,"covered":0,"skipped":0,"pct":0}}
,"/mnt/c/Users/gajap/sandbox/nebula/nebula-insurance-crm/experience/src/features/renewals/components/RenewalTimelineSection.tsx": {"lines":{"total":50,"covered":0,"skipped":0,"pct":0},"functions":{"total":1,"covered":0,"skipped":0,"pct":0},"statements":{"total":50,"covered":0,"skipped":0,"pct":0},"branches":{"total":1,"covered":0,"skipped":0,"pct":0}}
,"/mnt/c/Users/gajap/sandbox/nebula/nebula-insurance-crm/experience/src/features/renewals/components/RenewalUrgencyBadge.tsx": {"lines":{"total":9,"covered":0,"skipped":0,"pct":0},"functions":{"total":1,"covered":0,"skipped":0,"pct":0},"statements":{"total":9,"covered":0,"skipped":0,"pct":0},"branches":{"total":1,"covered":0,"skipped":0,"pct":0}}
,"/mnt/c/Users/gajap/sandbox/nebula/nebula-insurance-crm/experience/src/features/renewals/hooks/useAssignRenewal.ts": {"lines":{"total":19,"covered":0,"skipped":0,"pct":0},"functions":{"total":1,"covered":0,"skipped":0,"pct":0},"statements":{"total":19,"covered":0,"skipped":0,"pct":0},"branches":{"total":1,"covered":0,"skipped":0,"pct":0}}
,"/mnt/c/Users/gajap/sandbox/nebula/nebula-insurance-crm/experience/src/features/renewals/hooks/useCreateRenewal.ts": {"lines":{"total":15,"covered":0,"skipped":0,"pct":0},"functions":{"total":1,"covered":0,"skipped":0,"pct":0},"statements":{"total":15,"covered":0,"skipped":0,"pct":0},"branches":{"total":1,"covered":0,"skipped":0,"pct":0}}
,"/mnt/c/Users/gajap/sandbox/nebula/nebula-insurance-crm/experience/src/features/renewals/hooks/useRenewal.ts": {"lines":{"total":26,"covered":0,"skipped":0,"pct":0},"functions":{"total":1,"covered":0,"skipped":0,"pct":0},"statements":{"total":26,"covered":0,"skipped":0,"pct":0},"branches":{"total":1,"covered":0,"skipped":0,"pct":0}}
,"/mnt/c/Users/gajap/sandbox/nebula/nebula-insurance-crm/experience/src/features/renewals/hooks/useRenewalTimeline.ts": {"lines":{"total":14,"covered":0,"skipped":0,"pct":0},"functions":{"total":1,"covered":0,"skipped":0,"pct":0},"statements":{"total":14,"covered":0,"skipped":0,"pct":0},"branches":{"total":1,"covered":0,"skipped":0,"pct":0}}
,"/mnt/c/Users/gajap/sandbox/nebula/nebula-insurance-crm/experience/src/features/renewals/hooks/useRenewals.ts": {"lines":{"total":39,"covered":0,"skipped":0,"pct":0},"functions":{"total":1,"covered":0,"skipped":0,"pct":0},"statements":{"total":39,"covered":0,"skipped":0,"pct":0},"branches":{"total":1,"covered":0,"skipped":0,"pct":0}}
,"/mnt/c/Users/gajap/sandbox/nebula/nebula-insurance-crm/experience/src/features/renewals/hooks/useTransitionRenewal.ts": {"lines":{"total":20,"covered":0,"skipped":0,"pct":0},"functions":{"total":1,"covered":0,"skipped":0,"pct":0},"statements":{"total":20,"covered":0,"skipped":0,"pct":0},"branches":{"total":1,"covered":0,"skipped":0,"pct":0}}
,"/mnt/c/Users/gajap/sandbox/nebula/nebula-insurance-crm/experience/src/features/renewals/lib/constants.ts": {"lines":{"total":60,"covered":0,"skipped":0,"pct":0},"functions":{"total":1,"covered":1,"skipped":0,"pct":100},"statements":{"total":60,"covered":0,"skipped":0,"pct":0},"branches":{"total":1,"covered":1,"skipped":0,"pct":100}}
,"/mnt/c/Users/gajap/sandbox/nebula/nebula-insurance-crm/experience/src/features/renewals/lib/validation.ts": {"lines":{"total":39,"covered":0,"skipped":0,"pct":0},"functions":{"total":1,"covered":0,"skipped":0,"pct":0},"statements":{"total":39,"covered":0,"skipped":0,"pct":0},"branches":{"total":1,"covered":0,"skipped":0,"pct":0}}
,"/mnt/c/Users/gajap/sandbox/nebula/nebula-insurance-crm/experience/src/features/session-continuity/IdleWarningModal.tsx": {"lines":{"total":79,"covered":66,"skipped":0,"pct":83.54},"functions":{"total":3,"covered":3,"skipped":0,"pct":100},"statements":{"total":79,"covered":66,"skipped":0,"pct":83.54},"branches":{"total":12,"covered":9,"skipped":0,"pct":75}}
,"/mnt/c/Users/gajap/sandbox/nebula/nebula-insurance-crm/experience/src/features/session-continuity/SessionContinuityProvider.tsx": {"lines":{"total":18,"covered":14,"skipped":0,"pct":77.77},"functions":{"total":3,"covered":1,"skipped":0,"pct":33.33},"statements":{"total":18,"covered":14,"skipped":0,"pct":77.77},"branches":{"total":1,"covered":1,"skipped":0,"pct":100}}
,"/mnt/c/Users/gajap/sandbox/nebula/nebula-insurance-crm/experience/src/features/session-continuity/authErrorClassifier.ts": {"lines":{"total":101,"covered":80,"skipped":0,"pct":79.2},"functions":{"total":4,"covered":4,"skipped":0,"pct":100},"statements":{"total":101,"covered":80,"skipped":0,"pct":79.2},"branches":{"total":41,"covered":35,"skipped":0,"pct":85.36}}
,"/mnt/c/Users/gajap/sandbox/nebula/nebula-insurance-crm/experience/src/features/session-continuity/deferredTelemetryBuffer.ts": {"lines":{"total":76,"covered":56,"skipped":0,"pct":73.68},"functions":{"total":8,"covered":7,"skipped":0,"pct":87.5},"statements":{"total":76,"covered":56,"skipped":0,"pct":73.68},"branches":{"total":18,"covered":8,"skipped":0,"pct":44.44}}
,"/mnt/c/Users/gajap/sandbox/nebula/nebula-insurance-crm/experience/src/features/session-continuity/dirtyFormRegistry.tsx": {"lines":{"total":42,"covered":16,"skipped":0,"pct":38.09},"functions":{"total":1,"covered":1,"skipped":0,"pct":100},"statements":{"total":42,"covered":16,"skipped":0,"pct":38.09},"branches":{"total":2,"covered":2,"skipped":0,"pct":100}}
,"/mnt/c/Users/gajap/sandbox/nebula/nebula-insurance-crm/experience/src/features/session-continuity/dirtyFormRegistryContext.ts": {"lines":{"total":2,"covered":2,"skipped":0,"pct":100},"functions":{"total":0,"covered":0,"skipped":0,"pct":100},"statements":{"total":2,"covered":2,"skipped":0,"pct":100},"branches":{"total":0,"covered":0,"skipped":0,"pct":100}}
,"/mnt/c/Users/gajap/sandbox/nebula/nebula-insurance-crm/experience/src/features/session-continuity/index.ts": {"lines":{"total":1,"covered":1,"skipped":0,"pct":100},"functions":{"total":0,"covered":0,"skipped":0,"pct":100},"statements":{"total":1,"covered":1,"skipped":0,"pct":100},"branches":{"total":0,"covered":0,"skipped":0,"pct":100}}
,"/mnt/c/Users/gajap/sandbox/nebula/nebula-insurance-crm/experience/src/features/session-continuity/sessionRenewal.ts": {"lines":{"total":83,"covered":70,"skipped":0,"pct":84.33},"functions":{"total":4,"covered":4,"skipped":0,"pct":100},"statements":{"total":83,"covered":70,"skipped":0,"pct":84.33},"branches":{"total":19,"covered":11,"skipped":0,"pct":57.89}}
,"/mnt/c/Users/gajap/sandbox/nebula/nebula-insurance-crm/experience/src/features/session-continuity/sessionRestore.ts": {"lines":{"total":114,"covered":92,"skipped":0,"pct":80.7},"functions":{"total":9,"covered":9,"skipped":0,"pct":100},"statements":{"total":114,"covered":92,"skipped":0,"pct":80.7},"branches":{"total":40,"covered":26,"skipped":0,"pct":65}}
,"/mnt/c/Users/gajap/sandbox/nebula/nebula-insurance-crm/experience/src/features/session-continuity/sessionTelemetry.ts": {"lines":{"total":95,"covered":81,"skipped":0,"pct":85.26},"functions":{"total":7,"covered":7,"skipped":0,"pct":100},"statements":{"total":95,"covered":81,"skipped":0,"pct":85.26},"branches":{"total":19,"covered":9,"skipped":0,"pct":47.36}}
,"/mnt/c/Users/gajap/sandbox/nebula/nebula-insurance-crm/experience/src/features/session-continuity/useDirtyFormRegistry.ts": {"lines":{"total":16,"covered":7,"skipped":0,"pct":43.75},"functions":{"total":2,"covered":1,"skipped":0,"pct":50},"statements":{"total":16,"covered":7,"skipped":0,"pct":43.75},"branches":{"total":2,"covered":1,"skipped":0,"pct":50}}
,"/mnt/c/Users/gajap/sandbox/nebula/nebula-insurance-crm/experience/src/features/session-continuity/useIdleWarning.ts": {"lines":{"total":136,"covered":122,"skipped":0,"pct":89.7},"functions":{"total":1,"covered":1,"skipped":0,"pct":100},"statements":{"total":136,"covered":122,"skipped":0,"pct":89.7},"branches":{"total":25,"covered":21,"skipped":0,"pct":84}}
,"/mnt/c/Users/gajap/sandbox/nebula/nebula-insurance-crm/experience/src/features/session-continuity/tests/IdleWarningModal.a11y.test.tsx": {"lines":{"total":17,"covered":17,"skipped":0,"pct":100},"functions":{"total":0,"covered":0,"skipped":0,"pct":100},"statements":{"total":17,"covered":17,"skipped":0,"pct":100},"branches":{"total":2,"covered":2,"skipped":0,"pct":100}}
,"/mnt/c/Users/gajap/sandbox/nebula/nebula-insurance-crm/experience/src/features/session-continuity/tests/IdleWarningModal.test.tsx": {"lines":{"total":49,"covered":49,"skipped":0,"pct":100},"functions":{"total":0,"covered":0,"skipped":0,"pct":100},"statements":{"total":49,"covered":49,"skipped":0,"pct":100},"branches":{"total":4,"covered":4,"skipped":0,"pct":100}}
,"/mnt/c/Users/gajap/sandbox/nebula/nebula-insurance-crm/experience/src/features/session-continuity/tests/authErrorClassifier.test.ts": {"lines":{"total":48,"covered":48,"skipped":0,"pct":100},"functions":{"total":1,"covered":1,"skipped":0,"pct":100},"statements":{"total":48,"covered":48,"skipped":0,"pct":100},"branches":{"total":6,"covered":6,"skipped":0,"pct":100}}
,"/mnt/c/Users/gajap/sandbox/nebula/nebula-insurance-crm/experience/src/features/session-continuity/tests/sessionRenewal.test.ts": {"lines":{"total":53,"covered":53,"skipped":0,"pct":100},"functions":{"total":1,"covered":0,"skipped":0,"pct":0},"statements":{"total":53,"covered":53,"skipped":0,"pct":100},"branches":{"total":7,"covered":7,"skipped":0,"pct":100}}
,"/mnt/c/Users/gajap/sandbox/nebula/nebula-insurance-crm/experience/src/features/session-continuity/tests/sessionRestore.test.ts": {"lines":{"total":42,"covered":42,"skipped":0,"pct":100},"functions":{"total":0,"covered":0,"skipped":0,"pct":100},"statements":{"total":42,"covered":42,"skipped":0,"pct":100},"branches":{"total":5,"covered":5,"skipped":0,"pct":100}}
,"/mnt/c/Users/gajap/sandbox/nebula/nebula-insurance-crm/experience/src/features/session-continuity/tests/sessionTelemetry.test.ts": {"lines":{"total":69,"covered":69,"skipped":0,"pct":100},"functions":{"total":0,"covered":0,"skipped":0,"pct":100},"statements":{"total":69,"covered":69,"skipped":0,"pct":100},"branches":{"total":5,"covered":5,"skipped":0,"pct":100}}
,"/mnt/c/Users/gajap/sandbox/nebula/nebula-insurance-crm/experience/src/features/session-continuity/tests/useIdleWarning.test.tsx": {"lines":{"total":95,"covered":95,"skipped":0,"pct":100},"functions":{"total":5,"covered":5,"skipped":0,"pct":100},"statements":{"total":95,"covered":95,"skipped":0,"pct":100},"branches":{"total":18,"covered":18,"skipped":0,"pct":100}}
,"/mnt/c/Users/gajap/sandbox/nebula/nebula-insurance-crm/experience/src/features/submissions/index.ts": {"lines":{"total":15,"covered":0,"skipped":0,"pct":0},"functions":{"total":1,"covered":0,"skipped":0,"pct":0},"statements":{"total":15,"covered":0,"skipped":0,"pct":0},"branches":{"total":1,"covered":0,"skipped":0,"pct":0}}
,"/mnt/c/Users/gajap/sandbox/nebula/nebula-insurance-crm/experience/src/features/submissions/types.ts": {"lines":{"total":0,"covered":0,"skipped":0,"pct":100},"functions":{"total":1,"covered":1,"skipped":0,"pct":100},"statements":{"total":0,"covered":0,"skipped":0,"pct":100},"branches":{"total":1,"covered":1,"skipped":0,"pct":100}}
,"/mnt/c/Users/gajap/sandbox/nebula/nebula-insurance-crm/experience/src/features/submissions/components/StaleSubmissionNudgeCard.tsx": {"lines":{"total":37,"covered":0,"skipped":0,"pct":0},"functions":{"total":1,"covered":0,"skipped":0,"pct":0},"statements":{"total":37,"covered":0,"skipped":0,"pct":0},"branches":{"total":1,"covered":0,"skipped":0,"pct":0}}
,"/mnt/c/Users/gajap/sandbox/nebula/nebula-insurance-crm/experience/src/features/submissions/components/SubmissionCompletenessPanel.tsx": {"lines":{"total":80,"covered":0,"skipped":0,"pct":0},"functions":{"total":1,"covered":0,"skipped":0,"pct":0},"statements":{"total":80,"covered":0,"skipped":0,"pct":0},"branches":{"total":1,"covered":0,"skipped":0,"pct":0}}
,"/mnt/c/Users/gajap/sandbox/nebula/nebula-insurance-crm/experience/src/features/submissions/components/SubmissionStatusBadge.tsx": {"lines":{"total":8,"covered":0,"skipped":0,"pct":0},"functions":{"total":1,"covered":0,"skipped":0,"pct":0},"statements":{"total":8,"covered":0,"skipped":0,"pct":0},"branches":{"total":1,"covered":0,"skipped":0,"pct":0}}
,"/mnt/c/Users/gajap/sandbox/nebula/nebula-insurance-crm/experience/src/features/submissions/components/SubmissionTimelineSection.tsx": {"lines":{"total":50,"covered":0,"skipped":0,"pct":0},"functions":{"total":1,"covered":0,"skipped":0,"pct":0},"statements":{"total":50,"covered":0,"skipped":0,"pct":0},"branches":{"total":1,"covered":0,"skipped":0,"pct":0}}
,"/mnt/c/Users/gajap/sandbox/nebula/nebula-insurance-crm/experience/src/features/submissions/hooks/useAssignSubmission.ts": {"lines":{"total":19,"covered":0,"skipped":0,"pct":0},"functions":{"total":1,"covered":0,"skipped":0,"pct":0},"statements":{"total":19,"covered":0,"skipped":0,"pct":0},"branches":{"total":1,"covered":0,"skipped":0,"pct":0}}
,"/mnt/c/Users/gajap/sandbox/nebula/nebula-insurance-crm/experience/src/features/submissions/hooks/useCreateSubmission.ts": {"lines":{"total":12,"covered":0,"skipped":0,"pct":0},"functions":{"total":1,"covered":0,"skipped":0,"pct":0},"statements":{"total":12,"covered":0,"skipped":0,"pct":0},"branches":{"total":1,"covered":0,"skipped":0,"pct":0}}
,"/mnt/c/Users/gajap/sandbox/nebula/nebula-insurance-crm/experience/src/features/submissions/hooks/useReferenceData.ts": {"lines":{"total":25,"covered":0,"skipped":0,"pct":0},"functions":{"total":1,"covered":0,"skipped":0,"pct":0},"statements":{"total":25,"covered":0,"skipped":0,"pct":0},"branches":{"total":1,"covered":0,"skipped":0,"pct":0}}
,"/mnt/c/Users/gajap/sandbox/nebula/nebula-insurance-crm/experience/src/features/submissions/hooks/useSubmission.ts": {"lines":{"total":8,"covered":0,"skipped":0,"pct":0},"functions":{"total":1,"covered":0,"skipped":0,"pct":0},"statements":{"total":8,"covered":0,"skipped":0,"pct":0},"branches":{"total":1,"covered":0,"skipped":0,"pct":0}}
,"/mnt/c/Users/gajap/sandbox/nebula/nebula-insurance-crm/experience/src/features/submissions/hooks/useSubmissionTimeline.ts": {"lines":{"total":14,"covered":0,"skipped":0,"pct":0},"functions":{"total":1,"covered":0,"skipped":0,"pct":0},"statements":{"total":14,"covered":0,"skipped":0,"pct":0},"branches":{"total":1,"covered":0,"skipped":0,"pct":0}}
,"/mnt/c/Users/gajap/sandbox/nebula/nebula-insurance-crm/experience/src/features/submissions/hooks/useSubmissions.ts": {"lines":{"total":35,"covered":0,"skipped":0,"pct":0},"functions":{"total":1,"covered":0,"skipped":0,"pct":0},"statements":{"total":35,"covered":0,"skipped":0,"pct":0},"branches":{"total":1,"covered":0,"skipped":0,"pct":0}}
,"/mnt/c/Users/gajap/sandbox/nebula/nebula-insurance-crm/experience/src/features/submissions/hooks/useTransitionSubmission.ts": {"lines":{"total":20,"covered":0,"skipped":0,"pct":0},"functions":{"total":1,"covered":0,"skipped":0,"pct":0},"statements":{"total":20,"covered":0,"skipped":0,"pct":0},"branches":{"total":1,"covered":0,"skipped":0,"pct":0}}
,"/mnt/c/Users/gajap/sandbox/nebula/nebula-insurance-crm/experience/src/features/submissions/hooks/useUpdateSubmission.ts": {"lines":{"total":19,"covered":0,"skipped":0,"pct":0},"functions":{"total":1,"covered":0,"skipped":0,"pct":0},"statements":{"total":19,"covered":0,"skipped":0,"pct":0},"branches":{"total":1,"covered":0,"skipped":0,"pct":0}}
,"/mnt/c/Users/gajap/sandbox/nebula/nebula-insurance-crm/experience/src/features/submissions/lib/constants.ts": {"lines":{"total":45,"covered":0,"skipped":0,"pct":0},"functions":{"total":1,"covered":1,"skipped":0,"pct":100},"statements":{"total":45,"covered":0,"skipped":0,"pct":0},"branches":{"total":1,"covered":1,"skipped":0,"pct":100}}
,"/mnt/c/Users/gajap/sandbox/nebula/nebula-insurance-crm/experience/src/features/submissions/lib/validation.ts": {"lines":{"total":66,"covered":0,"skipped":0,"pct":0},"functions":{"total":1,"covered":0,"skipped":0,"pct":0},"statements":{"total":66,"covered":0,"skipped":0,"pct":0},"branches":{"total":1,"covered":0,"skipped":0,"pct":0}}
,"/mnt/c/Users/gajap/sandbox/nebula/nebula-insurance-crm/experience/src/features/tasks/index.ts": {"lines":{"total":1,"covered":0,"skipped":0,"pct":0},"functions":{"total":1,"covered":0,"skipped":0,"pct":0},"statements":{"total":1,"covered":0,"skipped":0,"pct":0},"branches":{"total":1,"covered":0,"skipped":0,"pct":0}}
,"/mnt/c/Users/gajap/sandbox/nebula/nebula-insurance-crm/experience/src/features/tasks/types.ts": {"lines":{"total":0,"covered":0,"skipped":0,"pct":100},"functions":{"total":1,"covered":1,"skipped":0,"pct":100},"statements":{"total":0,"covered":0,"skipped":0,"pct":100},"branches":{"total":1,"covered":1,"skipped":0,"pct":100}}
,"/mnt/c/Users/gajap/sandbox/nebula/nebula-insurance-crm/experience/src/features/tasks/components/AssigneePicker.tsx": {"lines":{"total":165,"covered":0,"skipped":0,"pct":0},"functions":{"total":1,"covered":0,"skipped":0,"pct":0},"statements":{"total":165,"covered":0,"skipped":0,"pct":0},"branches":{"total":1,"covered":0,"skipped":0,"pct":0}}
,"/mnt/c/Users/gajap/sandbox/nebula/nebula-insurance-crm/experience/src/features/tasks/components/MyTasksWidget.tsx": {"lines":{"total":36,"covered":0,"skipped":0,"pct":0},"functions":{"total":1,"covered":0,"skipped":0,"pct":0},"statements":{"total":36,"covered":0,"skipped":0,"pct":0},"branches":{"total":1,"covered":0,"skipped":0,"pct":0}}
,"/mnt/c/Users/gajap/sandbox/nebula/nebula-insurance-crm/experience/src/features/tasks/components/TaskCenterList.tsx": {"lines":{"total":427,"covered":0,"skipped":0,"pct":0},"functions":{"total":1,"covered":0,"skipped":0,"pct":0},"statements":{"total":427,"covered":0,"skipped":0,"pct":0},"branches":{"total":1,"covered":0,"skipped":0,"pct":0}}
,"/mnt/c/Users/gajap/sandbox/nebula/nebula-insurance-crm/experience/src/features/tasks/components/TaskCreateModal.tsx": {"lines":{"total":174,"covered":0,"skipped":0,"pct":0},"functions":{"total":1,"covered":0,"skipped":0,"pct":0},"statements":{"total":174,"covered":0,"skipped":0,"pct":0},"branches":{"total":1,"covered":0,"skipped":0,"pct":0}}
,"/mnt/c/Users/gajap/sandbox/nebula/nebula-insurance-crm/experience/src/features/tasks/components/TaskDetailPanel.tsx": {"lines":{"total":413,"covered":0,"skipped":0,"pct":0},"functions":{"total":1,"covered":0,"skipped":0,"pct":0},"statements":{"total":413,"covered":0,"skipped":0,"pct":0},"branches":{"total":1,"covered":0,"skipped":0,"pct":0}}
,"/mnt/c/Users/gajap/sandbox/nebula/nebula-insurance-crm/experience/src/features/tasks/components/TaskFilterToolbar.tsx": {"lines":{"total":146,"covered":0,"skipped":0,"pct":0},"functions":{"total":1,"covered":0,"skipped":0,"pct":0},"statements":{"total":146,"covered":0,"skipped":0,"pct":0},"branches":{"total":1,"covered":0,"skipped":0,"pct":0}}
,"/mnt/c/Users/gajap/sandbox/nebula/nebula-insurance-crm/experience/src/features/tasks/components/TaskRow.tsx": {"lines":{"total":56,"covered":0,"skipped":0,"pct":0},"functions":{"total":1,"covered":0,"skipped":0,"pct":0},"statements":{"total":56,"covered":0,"skipped":0,"pct":0},"branches":{"total":1,"covered":0,"skipped":0,"pct":0}}
,"/mnt/c/Users/gajap/sandbox/nebula/nebula-insurance-crm/experience/src/features/tasks/hooks/useMyTasks.ts": {"lines":{"total":7,"covered":0,"skipped":0,"pct":0},"functions":{"total":1,"covered":0,"skipped":0,"pct":0},"statements":{"total":7,"covered":0,"skipped":0,"pct":0},"branches":{"total":1,"covered":0,"skipped":0,"pct":0}}
,"/mnt/c/Users/gajap/sandbox/nebula/nebula-insurance-crm/experience/src/features/tasks/hooks/useTaskList.ts": {"lines":{"total":24,"covered":0,"skipped":0,"pct":0},"functions":{"total":1,"covered":0,"skipped":0,"pct":0},"statements":{"total":24,"covered":0,"skipped":0,"pct":0},"branches":{"total":1,"covered":0,"skipped":0,"pct":0}}
,"/mnt/c/Users/gajap/sandbox/nebula/nebula-insurance-crm/experience/src/features/tasks/hooks/useTaskMutations.ts": {"lines":{"total":38,"covered":0,"skipped":0,"pct":0},"functions":{"total":1,"covered":0,"skipped":0,"pct":0},"statements":{"total":38,"covered":0,"skipped":0,"pct":0},"branches":{"total":1,"covered":0,"skipped":0,"pct":0}}
,"/mnt/c/Users/gajap/sandbox/nebula/nebula-insurance-crm/experience/src/features/tasks/hooks/useUserSearch.ts": {"lines":{"total":8,"covered":0,"skipped":0,"pct":0},"functions":{"total":1,"covered":0,"skipped":0,"pct":0},"statements":{"total":8,"covered":0,"skipped":0,"pct":0},"branches":{"total":1,"covered":0,"skipped":0,"pct":0}}
,"/mnt/c/Users/gajap/sandbox/nebula/nebula-insurance-crm/experience/src/features/timeline/index.ts": {"lines":{"total":1,"covered":0,"skipped":0,"pct":0},"functions":{"total":1,"covered":0,"skipped":0,"pct":0},"statements":{"total":1,"covered":0,"skipped":0,"pct":0},"branches":{"total":1,"covered":0,"skipped":0,"pct":0}}
,"/mnt/c/Users/gajap/sandbox/nebula/nebula-insurance-crm/experience/src/features/timeline/components/ActivityFeed.tsx": {"lines":{"total":40,"covered":0,"skipped":0,"pct":0},"functions":{"total":1,"covered":0,"skipped":0,"pct":0},"statements":{"total":40,"covered":0,"skipped":0,"pct":0},"branches":{"total":1,"covered":0,"skipped":0,"pct":0}}
,"/mnt/c/Users/gajap/sandbox/nebula/nebula-insurance-crm/experience/src/features/timeline/components/ActivityFeedItem.tsx": {"lines":{"total":62,"covered":0,"skipped":0,"pct":0},"functions":{"total":1,"covered":0,"skipped":0,"pct":0},"statements":{"total":62,"covered":0,"skipped":0,"pct":0},"branches":{"total":1,"covered":0,"skipped":0,"pct":0}}
,"/mnt/c/Users/gajap/sandbox/nebula/nebula-insurance-crm/experience/src/features/timeline/hooks/useTimelineEvents.ts": {"lines":{"total":12,"covered":0,"skipped":0,"pct":0},"functions":{"total":1,"covered":0,"skipped":0,"pct":0},"statements":{"total":12,"covered":0,"skipped":0,"pct":0},"branches":{"total":1,"covered":0,"skipped":0,"pct":0}}
,"/mnt/c/Users/gajap/sandbox/nebula/nebula-insurance-crm/experience/src/hooks/useDebounce.ts": {"lines":{"total":9,"covered":0,"skipped":0,"pct":0},"functions":{"total":1,"covered":0,"skipped":0,"pct":0},"statements":{"total":9,"covered":0,"skipped":0,"pct":0},"branches":{"total":1,"covered":0,"skipped":0,"pct":0}}
,"/mnt/c/Users/gajap/sandbox/nebula/nebula-insurance-crm/experience/src/hooks/useSidebar.test.tsx": {"lines":{"total":56,"covered":0,"skipped":0,"pct":0},"functions":{"total":1,"covered":0,"skipped":0,"pct":0},"statements":{"total":56,"covered":0,"skipped":0,"pct":0},"branches":{"total":1,"covered":0,"skipped":0,"pct":0}}
,"/mnt/c/Users/gajap/sandbox/nebula/nebula-insurance-crm/experience/src/hooks/useSidebar.ts": {"lines":{"total":37,"covered":0,"skipped":0,"pct":0},"functions":{"total":1,"covered":0,"skipped":0,"pct":0},"statements":{"total":37,"covered":0,"skipped":0,"pct":0},"branches":{"total":1,"covered":0,"skipped":0,"pct":0}}
,"/mnt/c/Users/gajap/sandbox/nebula/nebula-insurance-crm/experience/src/hooks/useTheme.test.tsx": {"lines":{"total":30,"covered":0,"skipped":0,"pct":0},"functions":{"total":1,"covered":0,"skipped":0,"pct":0},"statements":{"total":30,"covered":0,"skipped":0,"pct":0},"branches":{"total":1,"covered":0,"skipped":0,"pct":0}}
,"/mnt/c/Users/gajap/sandbox/nebula/nebula-insurance-crm/experience/src/hooks/useTheme.ts": {"lines":{"total":29,"covered":0,"skipped":0,"pct":0},"functions":{"total":1,"covered":0,"skipped":0,"pct":0},"statements":{"total":29,"covered":0,"skipped":0,"pct":0},"branches":{"total":1,"covered":0,"skipped":0,"pct":0}}
,"/mnt/c/Users/gajap/sandbox/nebula/nebula-insurance-crm/experience/src/lib/format.ts": {"lines":{"total":32,"covered":0,"skipped":0,"pct":0},"functions":{"total":1,"covered":0,"skipped":0,"pct":0},"statements":{"total":32,"covered":0,"skipped":0,"pct":0},"branches":{"total":1,"covered":0,"skipped":0,"pct":0}}
,"/mnt/c/Users/gajap/sandbox/nebula/nebula-insurance-crm/experience/src/lib/navigation.ts": {"lines":{"total":14,"covered":0,"skipped":0,"pct":0},"functions":{"total":1,"covered":1,"skipped":0,"pct":100},"statements":{"total":14,"covered":0,"skipped":0,"pct":0},"branches":{"total":1,"covered":1,"skipped":0,"pct":100}}
,"/mnt/c/Users/gajap/sandbox/nebula/nebula-insurance-crm/experience/src/lib/us-states.ts": {"lines":{"total":53,"covered":0,"skipped":0,"pct":0},"functions":{"total":1,"covered":0,"skipped":0,"pct":0},"statements":{"total":53,"covered":0,"skipped":0,"pct":0},"branches":{"total":1,"covered":0,"skipped":0,"pct":0}}
,"/mnt/c/Users/gajap/sandbox/nebula/nebula-insurance-crm/experience/src/lib/utils.ts": {"lines":{"total":4,"covered":0,"skipped":0,"pct":0},"functions":{"total":1,"covered":0,"skipped":0,"pct":0},"statements":{"total":4,"covered":0,"skipped":0,"pct":0},"branches":{"total":1,"covered":0,"skipped":0,"pct":0}}
,"/mnt/c/Users/gajap/sandbox/nebula/nebula-insurance-crm/experience/src/mocks/brokers.ts": {"lines":{"total":65,"covered":42,"skipped":0,"pct":64.61},"functions":{"total":1,"covered":0,"skipped":0,"pct":0},"statements":{"total":65,"covered":42,"skipped":0,"pct":64.61},"branches":{"total":0,"covered":0,"skipped":0,"pct":100}}
,"/mnt/c/Users/gajap/sandbox/nebula/nebula-insurance-crm/experience/src/mocks/data.ts": {"lines":{"total":427,"covered":360,"skipped":0,"pct":84.3},"functions":{"total":2,"covered":0,"skipped":0,"pct":0},"statements":{"total":427,"covered":360,"skipped":0,"pct":84.3},"branches":{"total":0,"covered":0,"skipped":0,"pct":100}}
,"/mnt/c/Users/gajap/sandbox/nebula/nebula-insurance-crm/experience/src/mocks/documents.ts": {"lines":{"total":439,"covered":228,"skipped":0,"pct":51.93},"functions":{"total":18,"covered":5,"skipped":0,"pct":27.77},"statements":{"total":439,"covered":228,"skipped":0,"pct":51.93},"branches":{"total":16,"covered":13,"skipped":0,"pct":81.25}}
,"/mnt/c/Users/gajap/sandbox/nebula/nebula-insurance-crm/experience/src/mocks/handlers.ts": {"lines":{"total":502,"covered":115,"skipped":0,"pct":22.9},"functions":{"total":3,"covered":1,"skipped":0,"pct":33.33},"statements":{"total":502,"covered":115,"skipped":0,"pct":22.9},"branches":{"total":1,"covered":1,"skipped":0,"pct":100}}
,"/mnt/c/Users/gajap/sandbox/nebula/nebula-insurance-crm/experience/src/mocks/policies.ts": {"lines":{"total":497,"covered":161,"skipped":0,"pct":32.39},"functions":{"total":24,"covered":2,"skipped":0,"pct":8.33},"statements":{"total":497,"covered":161,"skipped":0,"pct":32.39},"branches":{"total":28,"covered":22,"skipped":0,"pct":78.57}}
,"/mnt/c/Users/gajap/sandbox/nebula/nebula-insurance-crm/experience/src/mocks/renewals.ts": {"lines":{"total":656,"covered":249,"skipped":0,"pct":37.95},"functions":{"total":21,"covered":4,"skipped":0,"pct":19.04},"statements":{"total":656,"covered":249,"skipped":0,"pct":37.95},"branches":{"total":9,"covered":8,"skipped":0,"pct":88.88}}
,"/mnt/c/Users/gajap/sandbox/nebula/nebula-insurance-crm/experience/src/mocks/server.ts": {"lines":{"total":2,"covered":2,"skipped":0,"pct":100},"functions":{"total":0,"covered":0,"skipped":0,"pct":100},"statements":{"total":2,"covered":2,"skipped":0,"pct":100},"branches":{"total":0,"covered":0,"skipped":0,"pct":100}}
,"/mnt/c/Users/gajap/sandbox/nebula/nebula-insurance-crm/experience/src/mocks/submissions.ts": {"lines":{"total":622,"covered":233,"skipped":0,"pct":37.45},"functions":{"total":18,"covered":4,"skipped":0,"pct":22.22},"statements":{"total":622,"covered":233,"skipped":0,"pct":37.45},"branches":{"total":13,"covered":12,"skipped":0,"pct":92.3}}
,"/mnt/c/Users/gajap/sandbox/nebula/nebula-insurance-crm/experience/src/pages/AccountDetailPage.tsx": {"lines":{"total":841,"covered":0,"skipped":0,"pct":0},"functions":{"total":1,"covered":0,"skipped":0,"pct":0},"statements":{"total":841,"covered":0,"skipped":0,"pct":0},"branches":{"total":1,"covered":0,"skipped":0,"pct":0}}
,"/mnt/c/Users/gajap/sandbox/nebula/nebula-insurance-crm/experience/src/pages/AccountsPage.tsx": {"lines":{"total":224,"covered":0,"skipped":0,"pct":0},"functions":{"total":1,"covered":0,"skipped":0,"pct":0},"statements":{"total":224,"covered":0,"skipped":0,"pct":0},"branches":{"total":1,"covered":0,"skipped":0,"pct":0}}
,"/mnt/c/Users/gajap/sandbox/nebula/nebula-insurance-crm/experience/src/pages/AuthCallbackPage.tsx": {"lines":{"total":74,"covered":67,"skipped":0,"pct":90.54},"functions":{"total":4,"covered":4,"skipped":0,"pct":100},"statements":{"total":74,"covered":67,"skipped":0,"pct":90.54},"branches":{"total":23,"covered":20,"skipped":0,"pct":86.95}}
,"/mnt/c/Users/gajap/sandbox/nebula/nebula-insurance-crm/experience/src/pages/BrokerDetailPage.tsx": {"lines":{"total":136,"covered":0,"skipped":0,"pct":0},"functions":{"total":1,"covered":0,"skipped":0,"pct":0},"statements":{"total":136,"covered":0,"skipped":0,"pct":0},"branches":{"total":1,"covered":0,"skipped":0,"pct":0}}
,"/mnt/c/Users/gajap/sandbox/nebula/nebula-insurance-crm/experience/src/pages/BrokerListPage.tsx": {"lines":{"total":178,"covered":0,"skipped":0,"pct":0},"functions":{"total":1,"covered":0,"skipped":0,"pct":0},"statements":{"total":178,"covered":0,"skipped":0,"pct":0},"branches":{"total":1,"covered":0,"skipped":0,"pct":0}}
,"/mnt/c/Users/gajap/sandbox/nebula/nebula-insurance-crm/experience/src/pages/CreateAccountPage.tsx": {"lines":{"total":199,"covered":0,"skipped":0,"pct":0},"functions":{"total":1,"covered":0,"skipped":0,"pct":0},"statements":{"total":199,"covered":0,"skipped":0,"pct":0},"branches":{"total":1,"covered":0,"skipped":0,"pct":0}}
,"/mnt/c/Users/gajap/sandbox/nebula/nebula-insurance-crm/experience/src/pages/CreateBrokerPage.tsx": {"lines":{"total":116,"covered":0,"skipped":0,"pct":0},"functions":{"total":1,"covered":0,"skipped":0,"pct":0},"statements":{"total":116,"covered":0,"skipped":0,"pct":0},"branches":{"total":1,"covered":0,"skipped":0,"pct":0}}
,"/mnt/c/Users/gajap/sandbox/nebula/nebula-insurance-crm/experience/src/pages/CreatePolicyPage.tsx": {"lines":{"total":217,"covered":0,"skipped":0,"pct":0},"functions":{"total":1,"covered":0,"skipped":0,"pct":0},"statements":{"total":217,"covered":0,"skipped":0,"pct":0},"branches":{"total":1,"covered":0,"skipped":0,"pct":0}}
,"/mnt/c/Users/gajap/sandbox/nebula/nebula-insurance-crm/experience/src/pages/CreateSubmissionPage.tsx": {"lines":{"total":243,"covered":0,"skipped":0,"pct":0},"functions":{"total":1,"covered":0,"skipped":0,"pct":0},"statements":{"total":243,"covered":0,"skipped":0,"pct":0},"branches":{"total":1,"covered":0,"skipped":0,"pct":0}}
,"/mnt/c/Users/gajap/sandbox/nebula/nebula-insurance-crm/experience/src/pages/DashboardPage.tsx": {"lines":{"total":26,"covered":0,"skipped":0,"pct":0},"functions":{"total":1,"covered":0,"skipped":0,"pct":0},"statements":{"total":26,"covered":0,"skipped":0,"pct":0},"branches":{"total":1,"covered":0,"skipped":0,"pct":0}}
,"/mnt/c/Users/gajap/sandbox/nebula/nebula-insurance-crm/experience/src/pages/LoginPage.tsx": {"lines":{"total":80,"covered":76,"skipped":0,"pct":95},"functions":{"total":2,"covered":2,"skipped":0,"pct":100},"statements":{"total":80,"covered":76,"skipped":0,"pct":95},"branches":{"total":21,"covered":19,"skipped":0,"pct":90.47}}
,"/mnt/c/Users/gajap/sandbox/nebula/nebula-insurance-crm/experience/src/pages/NotFoundPage.tsx": {"lines":{"total":9,"covered":0,"skipped":0,"pct":0},"functions":{"total":1,"covered":0,"skipped":0,"pct":0},"statements":{"total":9,"covered":0,"skipped":0,"pct":0},"branches":{"total":1,"covered":0,"skipped":0,"pct":0}}
,"/mnt/c/Users/gajap/sandbox/nebula/nebula-insurance-crm/experience/src/pages/PoliciesPage.tsx": {"lines":{"total":120,"covered":0,"skipped":0,"pct":0},"functions":{"total":1,"covered":0,"skipped":0,"pct":0},"statements":{"total":120,"covered":0,"skipped":0,"pct":0},"branches":{"total":1,"covered":0,"skipped":0,"pct":0}}
,"/mnt/c/Users/gajap/sandbox/nebula/nebula-insurance-crm/experience/src/pages/PolicyDetailPage.tsx": {"lines":{"total":421,"covered":0,"skipped":0,"pct":0},"functions":{"total":1,"covered":0,"skipped":0,"pct":0},"statements":{"total":421,"covered":0,"skipped":0,"pct":0},"branches":{"total":1,"covered":0,"skipped":0,"pct":0}}
,"/mnt/c/Users/gajap/sandbox/nebula/nebula-insurance-crm/experience/src/pages/PolicyImportPage.tsx": {"lines":{"total":106,"covered":0,"skipped":0,"pct":0},"functions":{"total":1,"covered":0,"skipped":0,"pct":0},"statements":{"total":106,"covered":0,"skipped":0,"pct":0},"branches":{"total":1,"covered":0,"skipped":0,"pct":0}}
,"/mnt/c/Users/gajap/sandbox/nebula/nebula-insurance-crm/experience/src/pages/RenewalDetailPage.tsx": {"lines":{"total":594,"covered":0,"skipped":0,"pct":0},"functions":{"total":1,"covered":0,"skipped":0,"pct":0},"statements":{"total":594,"covered":0,"skipped":0,"pct":0},"branches":{"total":1,"covered":0,"skipped":0,"pct":0}}
,"/mnt/c/Users/gajap/sandbox/nebula/nebula-insurance-crm/experience/src/pages/RenewalsPage.tsx": {"lines":{"total":435,"covered":0,"skipped":0,"pct":0},"functions":{"total":1,"covered":0,"skipped":0,"pct":0},"statements":{"total":435,"covered":0,"skipped":0,"pct":0},"branches":{"total":1,"covered":0,"skipped":0,"pct":0}}
,"/mnt/c/Users/gajap/sandbox/nebula/nebula-insurance-crm/experience/src/pages/SubmissionDetailPage.tsx": {"lines":{"total":542,"covered":0,"skipped":0,"pct":0},"functions":{"total":1,"covered":0,"skipped":0,"pct":0},"statements":{"total":542,"covered":0,"skipped":0,"pct":0},"branches":{"total":1,"covered":0,"skipped":0,"pct":0}}
,"/mnt/c/Users/gajap/sandbox/nebula/nebula-insurance-crm/experience/src/pages/SubmissionsPage.tsx": {"lines":{"total":331,"covered":0,"skipped":0,"pct":0},"functions":{"total":1,"covered":0,"skipped":0,"pct":0},"statements":{"total":331,"covered":0,"skipped":0,"pct":0},"branches":{"total":1,"covered":0,"skipped":0,"pct":0}}
,"/mnt/c/Users/gajap/sandbox/nebula/nebula-insurance-crm/experience/src/pages/TaskCenterPage.tsx": {"lines":{"total":181,"covered":0,"skipped":0,"pct":0},"functions":{"total":1,"covered":0,"skipped":0,"pct":0},"statements":{"total":181,"covered":0,"skipped":0,"pct":0},"branches":{"total":1,"covered":0,"skipped":0,"pct":0}}
,"/mnt/c/Users/gajap/sandbox/nebula/nebula-insurance-crm/experience/src/pages/UnauthorizedPage.tsx": {"lines":{"total":18,"covered":0,"skipped":0,"pct":0},"functions":{"total":1,"covered":0,"skipped":0,"pct":0},"statements":{"total":18,"covered":0,"skipped":0,"pct":0},"branches":{"total":1,"covered":0,"skipped":0,"pct":0}}
,"/mnt/c/Users/gajap/sandbox/nebula/nebula-insurance-crm/experience/src/pages/tests/AuthCallbackPage.test.tsx": {"lines":{"total":115,"covered":115,"skipped":0,"pct":100},"functions":{"total":0,"covered":0,"skipped":0,"pct":100},"statements":{"total":115,"covered":115,"skipped":0,"pct":100},"branches":{"total":18,"covered":18,"skipped":0,"pct":100}}
,"/mnt/c/Users/gajap/sandbox/nebula/nebula-insurance-crm/experience/src/pages/tests/BrokerDetailPage.integration.test.tsx": {"lines":{"total":314,"covered":0,"skipped":0,"pct":0},"functions":{"total":1,"covered":0,"skipped":0,"pct":0},"statements":{"total":314,"covered":0,"skipped":0,"pct":0},"branches":{"total":1,"covered":0,"skipped":0,"pct":0}}
,"/mnt/c/Users/gajap/sandbox/nebula/nebula-insurance-crm/experience/src/pages/tests/CreateBrokerPage.integration.test.tsx": {"lines":{"total":97,"covered":0,"skipped":0,"pct":0},"functions":{"total":1,"covered":0,"skipped":0,"pct":0},"statements":{"total":97,"covered":0,"skipped":0,"pct":0},"branches":{"total":1,"covered":0,"skipped":0,"pct":0}}
,"/mnt/c/Users/gajap/sandbox/nebula/nebula-insurance-crm/experience/src/pages/tests/CreateSubmissionPage.integration.test.tsx": {"lines":{"total":46,"covered":0,"skipped":0,"pct":0},"functions":{"total":1,"covered":0,"skipped":0,"pct":0},"statements":{"total":46,"covered":0,"skipped":0,"pct":0},"branches":{"total":1,"covered":0,"skipped":0,"pct":0}}
,"/mnt/c/Users/gajap/sandbox/nebula/nebula-insurance-crm/experience/src/pages/tests/DashboardPage.integration.test.tsx": {"lines":{"total":31,"covered":0,"skipped":0,"pct":0},"functions":{"total":1,"covered":0,"skipped":0,"pct":0},"statements":{"total":31,"covered":0,"skipped":0,"pct":0},"branches":{"total":1,"covered":0,"skipped":0,"pct":0}}
,"/mnt/c/Users/gajap/sandbox/nebula/nebula-insurance-crm/experience/src/pages/tests/PolicyDetailPage.integration.test.tsx": {"lines":{"total":36,"covered":0,"skipped":0,"pct":0},"functions":{"total":1,"covered":0,"skipped":0,"pct":0},"statements":{"total":36,"covered":0,"skipped":0,"pct":0},"branches":{"total":1,"covered":0,"skipped":0,"pct":0}}
,"/mnt/c/Users/gajap/sandbox/nebula/nebula-insurance-crm/experience/src/pages/tests/RenewalDetailPage.integration.test.tsx": {"lines":{"total":58,"covered":0,"skipped":0,"pct":0},"functions":{"total":1,"covered":0,"skipped":0,"pct":0},"statements":{"total":58,"covered":0,"skipped":0,"pct":0},"branches":{"total":1,"covered":0,"skipped":0,"pct":0}}
,"/mnt/c/Users/gajap/sandbox/nebula/nebula-insurance-crm/experience/src/pages/tests/RenewalsPage.integration.test.tsx": {"lines":{"total":43,"covered":0,"skipped":0,"pct":0},"functions":{"total":1,"covered":0,"skipped":0,"pct":0},"statements":{"total":43,"covered":0,"skipped":0,"pct":0},"branches":{"total":1,"covered":0,"skipped":0,"pct":0}}
,"/mnt/c/Users/gajap/sandbox/nebula/nebula-insurance-crm/experience/src/pages/tests/SubmissionDetailPage.integration.test.tsx": {"lines":{"total":119,"covered":0,"skipped":0,"pct":0},"functions":{"total":1,"covered":0,"skipped":0,"pct":0},"statements":{"total":119,"covered":0,"skipped":0,"pct":0},"branches":{"total":1,"covered":0,"skipped":0,"pct":0}}
,"/mnt/c/Users/gajap/sandbox/nebula/nebula-insurance-crm/experience/src/pages/tests/SubmissionsPage.integration.test.tsx": {"lines":{"total":27,"covered":0,"skipped":0,"pct":0},"functions":{"total":1,"covered":0,"skipped":0,"pct":0},"statements":{"total":27,"covered":0,"skipped":0,"pct":0},"branches":{"total":1,"covered":0,"skipped":0,"pct":0}}
,"/mnt/c/Users/gajap/sandbox/nebula/nebula-insurance-crm/experience/src/services/api.test.ts": {"lines":{"total":229,"covered":229,"skipped":0,"pct":100},"functions":{"total":4,"covered":3,"skipped":0,"pct":75},"statements":{"total":229,"covered":229,"skipped":0,"pct":100},"branches":{"total":28,"covered":28,"skipped":0,"pct":100}}
,"/mnt/c/Users/gajap/sandbox/nebula/nebula-insurance-crm/experience/src/services/api.ts": {"lines":{"total":273,"covered":230,"skipped":0,"pct":84.24},"functions":{"total":30,"covered":25,"skipped":0,"pct":83.33},"statements":{"total":273,"covered":230,"skipped":0,"pct":84.24},"branches":{"total":67,"covered":51,"skipped":0,"pct":76.11}}
,"/mnt/c/Users/gajap/sandbox/nebula/nebula-insurance-crm/experience/src/services/dev-auth.ts": {"lines":{"total":24,"covered":0,"skipped":0,"pct":0},"functions":{"total":1,"covered":1,"skipped":0,"pct":100},"statements":{"total":24,"covered":0,"skipped":0,"pct":0},"branches":{"total":1,"covered":1,"skipped":0,"pct":100}}
,"/mnt/c/Users/gajap/sandbox/nebula/nebula-insurance-crm/experience/src/test-utils/render-app.tsx": {"lines":{"total":66,"covered":0,"skipped":0,"pct":0},"functions":{"total":1,"covered":0,"skipped":0,"pct":0},"statements":{"total":66,"covered":0,"skipped":0,"pct":0},"branches":{"total":1,"covered":0,"skipped":0,"pct":0}}
}
