<?xml version="1.0" encoding="UTF-8" ?>
<testsuites name="vitest tests" tests="8" failures="1" errors="0" time="3.205">
    <testsuite name="src/features/session-continuity/tests/IdleWarningModal.a11y.test.tsx" timestamp="2026-05-25T00:11:23.363Z" hostname="InfectedPC" tests="1" failures="0" errors="0" skipped="0" time="0.222380729">
        <testcase classname="src/features/session-continuity/tests/IdleWarningModal.a11y.test.tsx" name="IdleWarningModal accessibility &gt; has no axe violations when open" time="0.218259879">
        </testcase>
    </testsuite>
    <testsuite name="src/features/session-continuity/tests/IdleWarningModal.test.tsx" timestamp="2026-05-25T00:11:23.366Z" hostname="InfectedPC" tests="3" failures="0" errors="0" skipped="0" time="0.210339297">
        <testcase classname="src/features/session-continuity/tests/IdleWarningModal.test.tsx" name="IdleWarningModal &gt; renders the alert dialog with countdown text" time="0.148992664">
        </testcase>
        <testcase classname="src/features/session-continuity/tests/IdleWarningModal.test.tsx" name="IdleWarningModal &gt; calls the selected action handlers" time="0.042226069">
        </testcase>
        <testcase classname="src/features/session-continuity/tests/IdleWarningModal.test.tsx" name="IdleWarningModal &gt; treats Escape as sign out" time="0.013751736">
        </testcase>
    </testsuite>
    <testsuite name="src/features/session-continuity/tests/useIdleWarning.test.tsx" timestamp="2026-05-25T00:11:23.373Z" hostname="InfectedPC" tests="4" failures="1" errors="0" skipped="0" time="0.089232829">
        <testcase classname="src/features/session-continuity/tests/useIdleWarning.test.tsx" name="useIdleWarning &gt; opens the idle modal at the inactivity threshold and emits shown telemetry" time="0.044011578">
        </testcase>
        <testcase classname="src/features/session-continuity/tests/useIdleWarning.test.tsx" name="useIdleWarning &gt; renews and closes the modal when the user stays signed in" time="0.011963128">
        </testcase>
        <testcase classname="src/features/session-continuity/tests/useIdleWarning.test.tsx" name="useIdleWarning &gt; forces reauth when the grace period expires" time="0.02120449">
            <failure message="expected true to be false // Object.is equality" type="AssertionError">
AssertionError: expected true to be false // Object.is equality

- Expected
+ Received

- false
+ true

 ❯ src/features/session-continuity/tests/useIdleWarning.test.tsx:127:38
            </failure>
        </testcase>
        <testcase classname="src/features/session-continuity/tests/useIdleWarning.test.tsx" name="useIdleWarning &gt; signs out explicitly from the idle modal path" time="0.007968484">
        </testcase>
    </testsuite>
</testsuites>
